{"C:\\Users\\Alex\\Documents\\Alex\\2020 - 2029\\2021\\JavaScript-330B\\ShopLifters\\server.js": {"path":"C:\\Users\\Alex\\Documents\\Alex\\2020 - 2029\\2021\\JavaScript-330B\\ShopLifters\\server.js","statementMap":{"0":{"start":{"line":1,"column":16},"end":{"line":1,"column":34}},"1":{"start":{"line":2,"column":24},"end":{"line":2,"column":51}},"2":{"start":{"line":4,"column":15},"end":{"line":4,"column":34}},"3":{"start":{"line":6,"column":15},"end":{"line":6,"column":24}},"4":{"start":{"line":7,"column":0},"end":{"line":7,"column":45}},"5":{"start":{"line":8,"column":0},"end":{"line":8,"column":38}},"6":{"start":{"line":10,"column":0},"end":{"line":10,"column":27}},"7":{"start":{"line":12,"column":0},"end":{"line":12,"column":37}},"8":{"start":{"line":13,"column":0},"end":{"line":13,"column":19}},"9":{"start":{"line":15,"column":0},"end":{"line":15,"column":24}}},"fnMap":{},"branchMap":{},"s":{"0":1,"1":1,"2":1,"3":1,"4":1,"5":1,"6":1,"7":1,"8":1,"9":1},"f":{},"b":{},"_coverageSchema":"1a1c01bbd47fc00a2c39e90264f33305004495a9","hash":"8c790de7c304eca7f9b722ea6155c5fece02b1f0"}
,"C:\\Users\\Alex\\Documents\\Alex\\2020 - 2029\\2021\\JavaScript-330B\\ShopLifters\\test-utils.js": {"path":"C:\\Users\\Alex\\Documents\\Alex\\2020 - 2029\\2021\\JavaScript-330B\\ShopLifters\\test-utils.js","statementMap":{"0":{"start":{"line":1,"column":17},"end":{"line":1,"column":36}},"1":{"start":{"line":2,"column":15},"end":{"line":2,"column":98}},"2":{"start":{"line":4,"column":0},"end":{"line":4,"column":20}},"3":{"start":{"line":6,"column":0},"end":{"line":14,"column":1}},"4":{"start":{"line":7,"column":2},"end":{"line":12,"column":5}},"5":{"start":{"line":13,"column":2},"end":{"line":13,"column":54}},"6":{"start":{"line":13,"column":36},"end":{"line":13,"column":51}},"7":{"start":{"line":16,"column":0},"end":{"line":18,"column":1}},"8":{"start":{"line":17,"column":2},"end":{"line":17,"column":30}},"9":{"start":{"line":20,"column":0},"end":{"line":22,"column":1}},"10":{"start":{"line":21,"column":2},"end":{"line":21,"column":60}},"11":{"start":{"line":21,"column":40},"end":{"line":21,"column":58}}},"fnMap":{"0":{"name":"(anonymous_0)","decl":{"start":{"line":6,"column":27},"end":{"line":6,"column":28}},"loc":{"start":{"line":6,"column":39},"end":{"line":14,"column":1}},"line":6},"1":{"name":"(anonymous_1)","decl":{"start":{"line":13,"column":31},"end":{"line":13,"column":32}},"loc":{"start":{"line":13,"column":36},"end":{"line":13,"column":51}},"line":13},"2":{"name":"(anonymous_2)","decl":{"start":{"line":16,"column":24},"end":{"line":16,"column":25}},"loc":{"start":{"line":16,"column":36},"end":{"line":18,"column":1}},"line":16},"3":{"name":"(anonymous_3)","decl":{"start":{"line":20,"column":25},"end":{"line":20,"column":26}},"loc":{"start":{"line":20,"column":37},"end":{"line":22,"column":1}},"line":20},"4":{"name":"(anonymous_4)","decl":{"start":{"line":21,"column":31},"end":{"line":21,"column":32}},"loc":{"start":{"line":21,"column":40},"end":{"line":21,"column":58}},"line":21}},"branchMap":{},"s":{"0":1,"1":1,"2":1,"3":1,"4":1,"5":1,"6":3,"7":1,"8":1,"9":1,"10":1,"11":3},"f":{"0":1,"1":3,"2":1,"3":1,"4":3},"b":{},"_coverageSchema":"1a1c01bbd47fc00a2c39e90264f33305004495a9","hash":"cc360310f1c6e98249d969c9b4c655ab9ed5322b"}
,"C:\\Users\\Alex\\Documents\\Alex\\2020 - 2029\\2021\\JavaScript-330B\\ShopLifters\\daos\\order.js": {"path":"C:\\Users\\Alex\\Documents\\Alex\\2020 - 2029\\2021\\JavaScript-330B\\ShopLifters\\daos\\order.js","statementMap":{"0":{"start":{"line":1,"column":17},"end":{"line":1,"column":36}},"1":{"start":{"line":3,"column":14},"end":{"line":3,"column":40}},"2":{"start":{"line":4,"column":16},"end":{"line":4,"column":44}},"3":{"start":{"line":6,"column":0},"end":{"line":6,"column":20}},"4":{"start":{"line":8,"column":0},"end":{"line":10,"column":1}},"5":{"start":{"line":9,"column":2},"end":{"line":9,"column":35}},"6":{"start":{"line":12,"column":0},"end":{"line":14,"column":1}},"7":{"start":{"line":13,"column":2},"end":{"line":13,"column":72}},"8":{"start":{"line":17,"column":0},"end":{"line":55,"column":1}},"9":{"start":{"line":18,"column":2},"end":{"line":54,"column":3}},"10":{"start":{"line":19,"column":22},"end":{"line":48,"column":6}},"11":{"start":{"line":50,"column":4},"end":{"line":50,"column":21}},"12":{"start":{"line":53,"column":4},"end":{"line":53,"column":12}},"13":{"start":{"line":57,"column":0},"end":{"line":59,"column":1}},"14":{"start":{"line":58,"column":2},"end":{"line":58,"column":67}},"15":{"start":{"line":61,"column":0},"end":{"line":71,"column":1}},"16":{"start":{"line":62,"column":2},"end":{"line":70,"column":5}},"17":{"start":{"line":63,"column":20},"end":{"line":63,"column":45}},"18":{"start":{"line":64,"column":4},"end":{"line":64,"column":19}},"19":{"start":{"line":66,"column":4},"end":{"line":68,"column":5}},"20":{"start":{"line":67,"column":6},"end":{"line":67,"column":40}},"21":{"start":{"line":69,"column":6},"end":{"line":69,"column":14}},"22":{"start":{"line":73,"column":0},"end":{"line":85,"column":1}},"23":{"start":{"line":75,"column":2},"end":{"line":77,"column":3}},"24":{"start":{"line":76,"column":4},"end":{"line":76,"column":16}},"25":{"start":{"line":79,"column":13},"end":{"line":79,"column":26}},"26":{"start":{"line":80,"column":2},"end":{"line":80,"column":23}},"27":{"start":{"line":82,"column":18},"end":{"line":82,"column":70}},"28":{"start":{"line":83,"column":2},"end":{"line":83,"column":17}},"29":{"start":{"line":87,"column":0},"end":{"line":100,"column":1}},"30":{"start":{"line":88,"column":2},"end":{"line":99,"column":3}},"31":{"start":{"line":89,"column":19},"end":{"line":93,"column":12}},"32":{"start":{"line":95,"column":4},"end":{"line":95,"column":18}},"33":{"start":{"line":98,"column":4},"end":{"line":98,"column":12}},"34":{"start":{"line":104,"column":0},"end":{"line":104,"column":43}}},"fnMap":{"0":{"name":"(anonymous_0)","decl":{"start":{"line":8,"column":24},"end":{"line":8,"column":25}},"loc":{"start":{"line":8,"column":36},"end":{"line":10,"column":1}},"line":8},"1":{"name":"(anonymous_1)","decl":{"start":{"line":12,"column":25},"end":{"line":12,"column":26}},"loc":{"start":{"line":12,"column":44},"end":{"line":14,"column":1}},"line":12},"2":{"name":"(anonymous_2)","decl":{"start":{"line":17,"column":32},"end":{"line":17,"column":33}},"loc":{"start":{"line":17,"column":51},"end":{"line":55,"column":1}},"line":17},"3":{"name":"(anonymous_3)","decl":{"start":{"line":57,"column":36},"end":{"line":57,"column":37}},"loc":{"start":{"line":57,"column":54},"end":{"line":59,"column":1}},"line":57},"4":{"name":"(anonymous_4)","decl":{"start":{"line":61,"column":24},"end":{"line":61,"column":25}},"loc":{"start":{"line":61,"column":41},"end":{"line":71,"column":1}},"line":61},"5":{"name":"(anonymous_5)","decl":{"start":{"line":73,"column":28},"end":{"line":73,"column":29}},"loc":{"start":{"line":73,"column":49},"end":{"line":85,"column":1}},"line":73},"6":{"name":"(anonymous_6)","decl":{"start":{"line":87,"column":35},"end":{"line":87,"column":36}},"loc":{"start":{"line":87,"column":56},"end":{"line":100,"column":1}},"line":87}},"branchMap":{"0":{"loc":{"start":{"line":66,"column":4},"end":{"line":68,"column":5}},"type":"if","locations":[{"start":{"line":66,"column":4},"end":{"line":68,"column":5}},{"start":{"line":66,"column":4},"end":{"line":68,"column":5}}],"line":66},"1":{"loc":{"start":{"line":66,"column":8},"end":{"line":66,"column":86}},"type":"binary-expr","locations":[{"start":{"line":66,"column":8},"end":{"line":66,"column":47}},{"start":{"line":66,"column":51},"end":{"line":66,"column":86}}],"line":66},"2":{"loc":{"start":{"line":75,"column":2},"end":{"line":77,"column":3}},"type":"if","locations":[{"start":{"line":75,"column":2},"end":{"line":77,"column":3}},{"start":{"line":75,"column":2},"end":{"line":77,"column":3}}],"line":75}},"s":{"0":1,"1":1,"2":1,"3":1,"4":1,"5":0,"6":1,"7":0,"8":1,"9":0,"10":0,"11":0,"12":0,"13":1,"14":0,"15":1,"16":0,"17":0,"18":0,"19":0,"20":0,"21":0,"22":1,"23":0,"24":0,"25":0,"26":0,"27":0,"28":0,"29":1,"30":0,"31":0,"32":0,"33":0,"34":1},"f":{"0":0,"1":0,"2":0,"3":0,"4":0,"5":0,"6":0},"b":{"0":[0,0],"1":[0,0],"2":[0,0]},"_coverageSchema":"1a1c01bbd47fc00a2c39e90264f33305004495a9","hash":"5ca1b575203210b55ae7545e2e0157d6a481cda5"}
,"C:\\Users\\Alex\\Documents\\Alex\\2020 - 2029\\2021\\JavaScript-330B\\ShopLifters\\daos\\product.js": {"path":"C:\\Users\\Alex\\Documents\\Alex\\2020 - 2029\\2021\\JavaScript-330B\\ShopLifters\\daos\\product.js","statementMap":{"0":{"start":{"line":1,"column":17},"end":{"line":1,"column":36}},"1":{"start":{"line":2,"column":16},"end":{"line":2,"column":44}},"2":{"start":{"line":4,"column":0},"end":{"line":4,"column":19}},"3":{"start":{"line":6,"column":0},"end":{"line":13,"column":1}},"4":{"start":{"line":7,"column":2},"end":{"line":12,"column":3}},"5":{"start":{"line":8,"column":27},"end":{"line":8,"column":59}},"6":{"start":{"line":9,"column":4},"end":{"line":9,"column":26}},"7":{"start":{"line":11,"column":4},"end":{"line":11,"column":11}},"8":{"start":{"line":15,"column":0},"end":{"line":22,"column":2}},"9":{"start":{"line":16,"column":2},"end":{"line":21,"column":3}},"10":{"start":{"line":17,"column":27},"end":{"line":17,"column":82}},"11":{"start":{"line":18,"column":4},"end":{"line":18,"column":26}},"12":{"start":{"line":20,"column":4},"end":{"line":20,"column":11}},"13":{"start":{"line":24,"column":0},"end":{"line":31,"column":2}},"14":{"start":{"line":25,"column":2},"end":{"line":30,"column":3}},"15":{"start":{"line":26,"column":21},"end":{"line":26,"column":48}},"16":{"start":{"line":27,"column":4},"end":{"line":27,"column":20}},"17":{"start":{"line":29,"column":4},"end":{"line":29,"column":12}},"18":{"start":{"line":33,"column":0},"end":{"line":40,"column":2}},"19":{"start":{"line":34,"column":2},"end":{"line":39,"column":3}},"20":{"start":{"line":35,"column":20},"end":{"line":35,"column":65}},"21":{"start":{"line":36,"column":4},"end":{"line":36,"column":19}},"22":{"start":{"line":38,"column":4},"end":{"line":38,"column":12}},"23":{"start":{"line":42,"column":0},"end":{"line":55,"column":1}},"24":{"start":{"line":43,"column":2},"end":{"line":54,"column":3}},"25":{"start":{"line":44,"column":21},"end":{"line":48,"column":12}},"26":{"start":{"line":50,"column":4},"end":{"line":50,"column":20}},"27":{"start":{"line":53,"column":4},"end":{"line":53,"column":11}},"28":{"start":{"line":57,"column":0},"end":{"line":64,"column":2}},"29":{"start":{"line":58,"column":2},"end":{"line":63,"column":3}},"30":{"start":{"line":59,"column":20},"end":{"line":59,"column":63}},"31":{"start":{"line":60,"column":4},"end":{"line":60,"column":19}},"32":{"start":{"line":62,"column":4},"end":{"line":62,"column":12}},"33":{"start":{"line":66,"column":0},"end":{"line":75,"column":2}},"34":{"start":{"line":68,"column":2},"end":{"line":70,"column":3}},"35":{"start":{"line":69,"column":4},"end":{"line":69,"column":17}},"36":{"start":{"line":72,"column":2},"end":{"line":72,"column":44}},"37":{"start":{"line":73,"column":2},"end":{"line":73,"column":14}}},"fnMap":{"0":{"name":"(anonymous_0)","decl":{"start":{"line":6,"column":31},"end":{"line":6,"column":32}},"loc":{"start":{"line":6,"column":52},"end":{"line":13,"column":1}},"line":6},"1":{"name":"(anonymous_1)","decl":{"start":{"line":15,"column":31},"end":{"line":15,"column":32}},"loc":{"start":{"line":15,"column":64},"end":{"line":22,"column":1}},"line":15},"2":{"name":"(anonymous_2)","decl":{"start":{"line":24,"column":32},"end":{"line":24,"column":33}},"loc":{"start":{"line":24,"column":44},"end":{"line":31,"column":1}},"line":24},"3":{"name":"(anonymous_3)","decl":{"start":{"line":33,"column":32},"end":{"line":33,"column":33}},"loc":{"start":{"line":33,"column":53},"end":{"line":40,"column":1}},"line":33},"4":{"name":"(anonymous_4)","decl":{"start":{"line":42,"column":35},"end":{"line":42,"column":36}},"loc":{"start":{"line":42,"column":56},"end":{"line":55,"column":1}},"line":42},"5":{"name":"(anonymous_5)","decl":{"start":{"line":57,"column":26},"end":{"line":57,"column":27}},"loc":{"start":{"line":57,"column":48},"end":{"line":64,"column":1}},"line":57},"6":{"name":"(anonymous_6)","decl":{"start":{"line":66,"column":28},"end":{"line":66,"column":29}},"loc":{"start":{"line":66,"column":49},"end":{"line":75,"column":1}},"line":66}},"branchMap":{"0":{"loc":{"start":{"line":68,"column":2},"end":{"line":70,"column":3}},"type":"if","locations":[{"start":{"line":68,"column":2},"end":{"line":70,"column":3}},{"start":{"line":68,"column":2},"end":{"line":70,"column":3}}],"line":68}},"s":{"0":1,"1":1,"2":1,"3":1,"4":0,"5":0,"6":0,"7":0,"8":1,"9":0,"10":0,"11":0,"12":0,"13":1,"14":0,"15":0,"16":0,"17":0,"18":1,"19":0,"20":0,"21":0,"22":0,"23":1,"24":0,"25":0,"26":0,"27":0,"28":1,"29":0,"30":0,"31":0,"32":0,"33":1,"34":0,"35":0,"36":0,"37":0},"f":{"0":0,"1":0,"2":0,"3":0,"4":0,"5":0,"6":0},"b":{"0":[0,0]},"_coverageSchema":"1a1c01bbd47fc00a2c39e90264f33305004495a9","hash":"535b6e8b6f33b6a12147cae9075b70404cd46e6c"}
,"C:\\Users\\Alex\\Documents\\Alex\\2020 - 2029\\2021\\JavaScript-330B\\ShopLifters\\daos\\resetpassword.js": {"path":"C:\\Users\\Alex\\Documents\\Alex\\2020 - 2029\\2021\\JavaScript-330B\\ShopLifters\\daos\\resetpassword.js","statementMap":{"0":{"start":{"line":1,"column":17},"end":{"line":1,"column":36}},"1":{"start":{"line":2,"column":19},"end":{"line":2,"column":40}},"2":{"start":{"line":3,"column":18},"end":{"line":3,"column":44}},"3":{"start":{"line":4,"column":15},"end":{"line":4,"column":32}},"4":{"start":{"line":5,"column":15},"end":{"line":5,"column":32}},"5":{"start":{"line":7,"column":16},"end":{"line":7,"column":34}},"6":{"start":{"line":10,"column":0},"end":{"line":41,"column":2}},"7":{"start":{"line":11,"column":2},"end":{"line":17,"column":3}},"8":{"start":{"line":12,"column":4},"end":{"line":12,"column":28}},"9":{"start":{"line":16,"column":4},"end":{"line":16,"column":12}},"10":{"start":{"line":20,"column":2},"end":{"line":39,"column":5}},"11":{"start":{"line":21,"column":4},"end":{"line":23,"column":5}},"12":{"start":{"line":22,"column":6},"end":{"line":22,"column":23}},"13":{"start":{"line":25,"column":18},"end":{"line":25,"column":40}},"14":{"start":{"line":26,"column":4},"end":{"line":38,"column":7}},"15":{"start":{"line":27,"column":6},"end":{"line":31,"column":7}},"16":{"start":{"line":28,"column":8},"end":{"line":30,"column":65}},"17":{"start":{"line":32,"column":6},"end":{"line":32,"column":30}},"18":{"start":{"line":33,"column":6},"end":{"line":33,"column":46}},"19":{"start":{"line":34,"column":6},"end":{"line":37,"column":9}},"20":{"start":{"line":35,"column":8},"end":{"line":35,"column":36}},"21":{"start":{"line":36,"column":8},"end":{"line":36,"column":108}},"22":{"start":{"line":43,"column":0},"end":{"line":70,"column":2}},"23":{"start":{"line":44,"column":22},"end":{"line":44,"column":39}},"24":{"start":{"line":45,"column":24},"end":{"line":45,"column":48}},"25":{"start":{"line":46,"column":20},"end":{"line":46,"column":34}},"26":{"start":{"line":48,"column":2},"end":{"line":69,"column":7}},"27":{"start":{"line":51,"column":6},"end":{"line":53,"column":7}},"28":{"start":{"line":52,"column":8},"end":{"line":52,"column":76}},"29":{"start":{"line":55,"column":6},"end":{"line":68,"column":11}},"30":{"start":{"line":57,"column":10},"end":{"line":57,"column":38}},"31":{"start":{"line":58,"column":10},"end":{"line":58,"column":41}},"32":{"start":{"line":59,"column":10},"end":{"line":60,"column":41}},"33":{"start":{"line":61,"column":10},"end":{"line":61,"column":38}},"34":{"start":{"line":62,"column":10},"end":{"line":64,"column":13}},"35":{"start":{"line":63,"column":12},"end":{"line":63,"column":116}},"36":{"start":{"line":67,"column":10},"end":{"line":67,"column":27}},"37":{"start":{"line":73,"column":18},"end":{"line":84,"column":4}},"38":{"start":{"line":87,"column":18},"end":{"line":87,"column":65}},"39":{"start":{"line":88,"column":20},"end":{"line":96,"column":3}},"40":{"start":{"line":98,"column":2},"end":{"line":103,"column":5}},"41":{"start":{"line":99,"column":4},"end":{"line":101,"column":5}},"42":{"start":{"line":100,"column":6},"end":{"line":100,"column":32}},"43":{"start":{"line":102,"column":4},"end":{"line":102,"column":52}}},"fnMap":{"0":{"name":"(anonymous_0)","decl":{"start":{"line":10,"column":27},"end":{"line":10,"column":28}},"loc":{"start":{"line":10,"column":53},"end":{"line":41,"column":1}},"line":10},"1":{"name":"(anonymous_1)","decl":{"start":{"line":20,"column":25},"end":{"line":20,"column":26}},"loc":{"start":{"line":20,"column":42},"end":{"line":39,"column":3}},"line":20},"2":{"name":"(anonymous_2)","decl":{"start":{"line":26,"column":54},"end":{"line":26,"column":55}},"loc":{"start":{"line":26,"column":64},"end":{"line":38,"column":5}},"line":26},"3":{"name":"(anonymous_3)","decl":{"start":{"line":34,"column":23},"end":{"line":34,"column":24}},"loc":{"start":{"line":34,"column":35},"end":{"line":37,"column":7}},"line":34},"4":{"name":"(anonymous_4)","decl":{"start":{"line":43,"column":29},"end":{"line":43,"column":30}},"loc":{"start":{"line":43,"column":55},"end":{"line":70,"column":1}},"line":43},"5":{"name":"(anonymous_5)","decl":{"start":{"line":50,"column":10},"end":{"line":50,"column":11}},"loc":{"start":{"line":50,"column":20},"end":{"line":69,"column":5}},"line":50},"6":{"name":"(anonymous_6)","decl":{"start":{"line":56,"column":14},"end":{"line":56,"column":15}},"loc":{"start":{"line":56,"column":34},"end":{"line":65,"column":9}},"line":56},"7":{"name":"(anonymous_7)","decl":{"start":{"line":62,"column":27},"end":{"line":62,"column":28}},"loc":{"start":{"line":62,"column":38},"end":{"line":64,"column":11}},"line":62},"8":{"name":"(anonymous_8)","decl":{"start":{"line":66,"column":15},"end":{"line":66,"column":16}},"loc":{"start":{"line":66,"column":24},"end":{"line":68,"column":9}},"line":66},"9":{"name":"sendMail","decl":{"start":{"line":72,"column":15},"end":{"line":72,"column":23}},"loc":{"start":{"line":72,"column":38},"end":{"line":104,"column":1}},"line":72},"10":{"name":"(anonymous_10)","decl":{"start":{"line":98,"column":34},"end":{"line":98,"column":35}},"loc":{"start":{"line":98,"column":51},"end":{"line":103,"column":3}},"line":98}},"branchMap":{"0":{"loc":{"start":{"line":21,"column":4},"end":{"line":23,"column":5}},"type":"if","locations":[{"start":{"line":21,"column":4},"end":{"line":23,"column":5}},{"start":{"line":21,"column":4},"end":{"line":23,"column":5}}],"line":21},"1":{"loc":{"start":{"line":27,"column":6},"end":{"line":31,"column":7}},"type":"if","locations":[{"start":{"line":27,"column":6},"end":{"line":31,"column":7}},{"start":{"line":27,"column":6},"end":{"line":31,"column":7}}],"line":27},"2":{"loc":{"start":{"line":51,"column":6},"end":{"line":53,"column":7}},"type":"if","locations":[{"start":{"line":51,"column":6},"end":{"line":53,"column":7}},{"start":{"line":51,"column":6},"end":{"line":53,"column":7}}],"line":51},"3":{"loc":{"start":{"line":99,"column":4},"end":{"line":101,"column":5}},"type":"if","locations":[{"start":{"line":99,"column":4},"end":{"line":101,"column":5}},{"start":{"line":99,"column":4},"end":{"line":101,"column":5}}],"line":99}},"s":{"0":1,"1":1,"2":1,"3":1,"4":1,"5":1,"6":1,"7":1,"8":1,"9":0,"10":1,"11":1,"12":0,"13":1,"14":1,"15":1,"16":0,"17":1,"18":1,"19":1,"20":1,"21":1,"22":1,"23":1,"24":1,"25":1,"26":1,"27":1,"28":0,"29":1,"30":0,"31":0,"32":0,"33":0,"34":0,"35":0,"36":1,"37":1,"38":1,"39":1,"40":1,"41":1,"42":0,"43":1},"f":{"0":1,"1":1,"2":1,"3":1,"4":1,"5":1,"6":0,"7":0,"8":1,"9":1,"10":1},"b":{"0":[0,1],"1":[0,1],"2":[0,1],"3":[0,1]},"_coverageSchema":"1a1c01bbd47fc00a2c39e90264f33305004495a9","hash":"e347dd104ac17fcd3fac5b7b8a5bea94d414f322"}
,"C:\\Users\\Alex\\Documents\\Alex\\2020 - 2029\\2021\\JavaScript-330B\\ShopLifters\\daos\\users.js": {"path":"C:\\Users\\Alex\\Documents\\Alex\\2020 - 2029\\2021\\JavaScript-330B\\ShopLifters\\daos\\users.js","statementMap":{"0":{"start":{"line":1,"column":15},"end":{"line":1,"column":32}},"1":{"start":{"line":2,"column":26},"end":{"line":2,"column":52}},"2":{"start":{"line":3,"column":17},"end":{"line":3,"column":36}},"3":{"start":{"line":5,"column":0},"end":{"line":5,"column":20}},"4":{"start":{"line":7,"column":0},"end":{"line":9,"column":2}},"5":{"start":{"line":8,"column":2},"end":{"line":8,"column":47}},"6":{"start":{"line":11,"column":0},"end":{"line":18,"column":1}},"7":{"start":{"line":12,"column":2},"end":{"line":17,"column":3}},"8":{"start":{"line":13,"column":25},"end":{"line":13,"column":83}},"9":{"start":{"line":14,"column":4},"end":{"line":14,"column":24}},"10":{"start":{"line":16,"column":4},"end":{"line":16,"column":12}},"11":{"start":{"line":20,"column":0},"end":{"line":27,"column":2}},"12":{"start":{"line":21,"column":2},"end":{"line":26,"column":3}},"13":{"start":{"line":22,"column":25},"end":{"line":22,"column":79}},"14":{"start":{"line":23,"column":4},"end":{"line":23,"column":24}},"15":{"start":{"line":25,"column":4},"end":{"line":25,"column":12}},"16":{"start":{"line":29,"column":0},"end":{"line":36,"column":2}},"17":{"start":{"line":30,"column":2},"end":{"line":35,"column":3}},"18":{"start":{"line":31,"column":24},"end":{"line":31,"column":90}},"19":{"start":{"line":32,"column":4},"end":{"line":32,"column":23}},"20":{"start":{"line":34,"column":4},"end":{"line":34,"column":12}},"21":{"start":{"line":38,"column":0},"end":{"line":47,"column":2}},"22":{"start":{"line":40,"column":2},"end":{"line":42,"column":3}},"23":{"start":{"line":41,"column":4},"end":{"line":41,"column":17}},"24":{"start":{"line":44,"column":2},"end":{"line":44,"column":52}},"25":{"start":{"line":45,"column":2},"end":{"line":45,"column":14}},"26":{"start":{"line":49,"column":0},"end":{"line":63,"column":1}},"27":{"start":{"line":50,"column":2},"end":{"line":62,"column":3}},"28":{"start":{"line":51,"column":18},"end":{"line":55,"column":12}},"29":{"start":{"line":57,"column":4},"end":{"line":57,"column":23}},"30":{"start":{"line":58,"column":4},"end":{"line":58,"column":17}},"31":{"start":{"line":61,"column":4},"end":{"line":61,"column":12}},"32":{"start":{"line":65,"column":0},"end":{"line":116,"column":2}},"33":{"start":{"line":66,"column":2},"end":{"line":115,"column":3}},"34":{"start":{"line":68,"column":4},"end":{"line":68,"column":40}},"35":{"start":{"line":69,"column":74},"end":{"line":69,"column":82}},"36":{"start":{"line":71,"column":4},"end":{"line":77,"column":5}},"37":{"start":{"line":76,"column":6},"end":{"line":76,"column":43}},"38":{"start":{"line":79,"column":15},"end":{"line":79,"column":39}},"39":{"start":{"line":80,"column":15},"end":{"line":80,"column":48}},"40":{"start":{"line":81,"column":4},"end":{"line":81,"column":20}},"41":{"start":{"line":83,"column":16},"end":{"line":83,"column":40}},"42":{"start":{"line":84,"column":16},"end":{"line":84,"column":57}},"43":{"start":{"line":85,"column":4},"end":{"line":85,"column":28}},"44":{"start":{"line":87,"column":15},"end":{"line":93,"column":5}},"45":{"start":{"line":95,"column":4},"end":{"line":98,"column":5}},"46":{"start":{"line":100,"column":22},"end":{"line":100,"column":76}},"47":{"start":{"line":101,"column":4},"end":{"line":110,"column":5}},"48":{"start":{"line":102,"column":6},"end":{"line":102,"column":39}},"49":{"start":{"line":104,"column":26},"end":{"line":104,"column":62}},"50":{"start":{"line":105,"column":6},"end":{"line":109,"column":7}},"51":{"start":{"line":106,"column":8},"end":{"line":106,"column":36}},"52":{"start":{"line":108,"column":8},"end":{"line":108,"column":49}},"53":{"start":{"line":114,"column":4},"end":{"line":114,"column":12}}},"fnMap":{"0":{"name":"(anonymous_0)","decl":{"start":{"line":7,"column":29},"end":{"line":7,"column":30}},"loc":{"start":{"line":7,"column":41},"end":{"line":9,"column":1}},"line":7},"1":{"name":"(anonymous_1)","decl":{"start":{"line":11,"column":32},"end":{"line":11,"column":33}},"loc":{"start":{"line":11,"column":53},"end":{"line":18,"column":1}},"line":11},"2":{"name":"(anonymous_2)","decl":{"start":{"line":20,"column":29},"end":{"line":20,"column":30}},"loc":{"start":{"line":20,"column":47},"end":{"line":27,"column":1}},"line":20},"3":{"name":"(anonymous_3)","decl":{"start":{"line":29,"column":32},"end":{"line":29,"column":33}},"loc":{"start":{"line":29,"column":60},"end":{"line":36,"column":1}},"line":29},"4":{"name":"(anonymous_4)","decl":{"start":{"line":38,"column":28},"end":{"line":38,"column":29}},"loc":{"start":{"line":38,"column":47},"end":{"line":47,"column":1}},"line":38},"5":{"name":"(anonymous_5)","decl":{"start":{"line":49,"column":35},"end":{"line":49,"column":36}},"loc":{"start":{"line":49,"column":56},"end":{"line":63,"column":1}},"line":49},"6":{"name":"(anonymous_6)","decl":{"start":{"line":65,"column":30},"end":{"line":65,"column":31}},"loc":{"start":{"line":65,"column":56},"end":{"line":116,"column":1}},"line":65}},"branchMap":{"0":{"loc":{"start":{"line":40,"column":2},"end":{"line":42,"column":3}},"type":"if","locations":[{"start":{"line":40,"column":2},"end":{"line":42,"column":3}},{"start":{"line":40,"column":2},"end":{"line":42,"column":3}}],"line":40},"1":{"loc":{"start":{"line":71,"column":4},"end":{"line":77,"column":5}},"type":"if","locations":[{"start":{"line":71,"column":4},"end":{"line":77,"column":5}},{"start":{"line":71,"column":4},"end":{"line":77,"column":5}}],"line":71},"2":{"loc":{"start":{"line":71,"column":8},"end":{"line":74,"column":37}},"type":"binary-expr","locations":[{"start":{"line":71,"column":8},"end":{"line":71,"column":14}},{"start":{"line":71,"column":18},"end":{"line":71,"column":27}},{"start":{"line":71,"column":31},"end":{"line":71,"column":41}},{"start":{"line":71,"column":45},"end":{"line":71,"column":54}},{"start":{"line":71,"column":58},"end":{"line":71,"column":74}},{"start":{"line":72,"column":9},"end":{"line":72,"column":27}},{"start":{"line":72,"column":31},"end":{"line":72,"column":52}},{"start":{"line":73,"column":9},"end":{"line":73,"column":31}},{"start":{"line":73,"column":35},"end":{"line":73,"column":56}},{"start":{"line":74,"column":9},"end":{"line":74,"column":37}}],"line":71},"3":{"loc":{"start":{"line":97,"column":10},"end":{"line":97,"column":45}},"type":"binary-expr","locations":[{"start":{"line":97,"column":10},"end":{"line":97,"column":26}},{"start":{"line":97,"column":30},"end":{"line":97,"column":45}}],"line":97},"4":{"loc":{"start":{"line":101,"column":4},"end":{"line":110,"column":5}},"type":"if","locations":[{"start":{"line":101,"column":4},"end":{"line":110,"column":5}},{"start":{"line":101,"column":4},"end":{"line":110,"column":5}}],"line":101},"5":{"loc":{"start":{"line":105,"column":6},"end":{"line":109,"column":7}},"type":"if","locations":[{"start":{"line":105,"column":6},"end":{"line":109,"column":7}},{"start":{"line":105,"column":6},"end":{"line":109,"column":7}}],"line":105}},"s":{"0":1,"1":1,"2":1,"3":1,"4":1,"5":0,"6":1,"7":0,"8":0,"9":0,"10":0,"11":1,"12":0,"13":0,"14":0,"15":0,"16":1,"17":0,"18":0,"19":0,"20":0,"21":1,"22":0,"23":0,"24":0,"25":0,"26":1,"27":0,"28":0,"29":0,"30":0,"31":0,"32":1,"33":0,"34":0,"35":0,"36":0,"37":0,"38":0,"39":0,"40":0,"41":0,"42":0,"43":0,"44":0,"45":0,"46":0,"47":0,"48":0,"49":0,"50":0,"51":0,"52":0,"53":0},"f":{"0":0,"1":0,"2":0,"3":0,"4":0,"5":0,"6":0},"b":{"0":[0,0],"1":[0,0],"2":[0,0,0,0,0,0,0,0,0,0],"3":[0,0],"4":[0,0],"5":[0,0]},"_coverageSchema":"1a1c01bbd47fc00a2c39e90264f33305004495a9","hash":"5c758a407aeee0110930da795abacfbfb89c3b09"}
,"C:\\Users\\Alex\\Documents\\Alex\\2020 - 2029\\2021\\JavaScript-330B\\ShopLifters\\middleware\\ErrorReport.js": {"path":"C:\\Users\\Alex\\Documents\\Alex\\2020 - 2029\\2021\\JavaScript-330B\\ShopLifters\\middleware\\ErrorReport.js","statementMap":{"0":{"start":{"line":1,"column":21},"end":{"line":32,"column":3}},"1":{"start":{"line":2,"column":4},"end":{"line":2,"column":21}},"2":{"start":{"line":3,"column":4},"end":{"line":31,"column":5}},"3":{"start":{"line":4,"column":8},"end":{"line":4,"column":52}},"4":{"start":{"line":5,"column":11},"end":{"line":31,"column":5}},"5":{"start":{"line":8,"column":12},"end":{"line":8,"column":57}},"6":{"start":{"line":9,"column":11},"end":{"line":31,"column":5}},"7":{"start":{"line":10,"column":8},"end":{"line":10,"column":47}},"8":{"start":{"line":11,"column":11},"end":{"line":31,"column":5}},"9":{"start":{"line":12,"column":8},"end":{"line":12,"column":53}},"10":{"start":{"line":13,"column":11},"end":{"line":31,"column":5}},"11":{"start":{"line":14,"column":8},"end":{"line":14,"column":46}},"12":{"start":{"line":15,"column":11},"end":{"line":31,"column":5}},"13":{"start":{"line":16,"column":8},"end":{"line":16,"column":51}},"14":{"start":{"line":17,"column":11},"end":{"line":31,"column":5}},"15":{"start":{"line":18,"column":8},"end":{"line":18,"column":48}},"16":{"start":{"line":19,"column":11},"end":{"line":31,"column":5}},"17":{"start":{"line":20,"column":8},"end":{"line":20,"column":49}},"18":{"start":{"line":21,"column":11},"end":{"line":31,"column":5}},"19":{"start":{"line":23,"column":12},"end":{"line":23,"column":59}},"20":{"start":{"line":24,"column":11},"end":{"line":31,"column":5}},"21":{"start":{"line":28,"column":12},"end":{"line":28,"column":75}},"22":{"start":{"line":30,"column":8},"end":{"line":30,"column":48}},"23":{"start":{"line":35,"column":2},"end":{"line":35,"column":31}}},"fnMap":{"0":{"name":"(anonymous_0)","decl":{"start":{"line":1,"column":21},"end":{"line":1,"column":22}},"loc":{"start":{"line":1,"column":52},"end":{"line":32,"column":3}},"line":1}},"branchMap":{"0":{"loc":{"start":{"line":3,"column":4},"end":{"line":31,"column":5}},"type":"if","locations":[{"start":{"line":3,"column":4},"end":{"line":31,"column":5}},{"start":{"line":3,"column":4},"end":{"line":31,"column":5}}],"line":3},"1":{"loc":{"start":{"line":5,"column":11},"end":{"line":31,"column":5}},"type":"if","locations":[{"start":{"line":5,"column":11},"end":{"line":31,"column":5}},{"start":{"line":5,"column":11},"end":{"line":31,"column":5}}],"line":5},"2":{"loc":{"start":{"line":5,"column":15},"end":{"line":7,"column":58}},"type":"binary-expr","locations":[{"start":{"line":5,"column":15},"end":{"line":5,"column":50}},{"start":{"line":6,"column":11},"end":{"line":6,"column":67}},{"start":{"line":7,"column":11},"end":{"line":7,"column":58}}],"line":5},"3":{"loc":{"start":{"line":9,"column":11},"end":{"line":31,"column":5}},"type":"if","locations":[{"start":{"line":9,"column":11},"end":{"line":31,"column":5}},{"start":{"line":9,"column":11},"end":{"line":31,"column":5}}],"line":9},"4":{"loc":{"start":{"line":11,"column":11},"end":{"line":31,"column":5}},"type":"if","locations":[{"start":{"line":11,"column":11},"end":{"line":31,"column":5}},{"start":{"line":11,"column":11},"end":{"line":31,"column":5}}],"line":11},"5":{"loc":{"start":{"line":13,"column":11},"end":{"line":31,"column":5}},"type":"if","locations":[{"start":{"line":13,"column":11},"end":{"line":31,"column":5}},{"start":{"line":13,"column":11},"end":{"line":31,"column":5}}],"line":13},"6":{"loc":{"start":{"line":15,"column":11},"end":{"line":31,"column":5}},"type":"if","locations":[{"start":{"line":15,"column":11},"end":{"line":31,"column":5}},{"start":{"line":15,"column":11},"end":{"line":31,"column":5}}],"line":15},"7":{"loc":{"start":{"line":17,"column":11},"end":{"line":31,"column":5}},"type":"if","locations":[{"start":{"line":17,"column":11},"end":{"line":31,"column":5}},{"start":{"line":17,"column":11},"end":{"line":31,"column":5}}],"line":17},"8":{"loc":{"start":{"line":19,"column":11},"end":{"line":31,"column":5}},"type":"if","locations":[{"start":{"line":19,"column":11},"end":{"line":31,"column":5}},{"start":{"line":19,"column":11},"end":{"line":31,"column":5}}],"line":19},"9":{"loc":{"start":{"line":21,"column":11},"end":{"line":31,"column":5}},"type":"if","locations":[{"start":{"line":21,"column":11},"end":{"line":31,"column":5}},{"start":{"line":21,"column":11},"end":{"line":31,"column":5}}],"line":21},"10":{"loc":{"start":{"line":21,"column":15},"end":{"line":22,"column":74}},"type":"binary-expr","locations":[{"start":{"line":21,"column":15},"end":{"line":21,"column":60}},{"start":{"line":22,"column":11},"end":{"line":22,"column":74}}],"line":21},"11":{"loc":{"start":{"line":24,"column":11},"end":{"line":31,"column":5}},"type":"if","locations":[{"start":{"line":24,"column":11},"end":{"line":31,"column":5}},{"start":{"line":24,"column":11},"end":{"line":31,"column":5}}],"line":24},"12":{"loc":{"start":{"line":24,"column":15},"end":{"line":27,"column":49}},"type":"binary-expr","locations":[{"start":{"line":24,"column":15},"end":{"line":24,"column":55}},{"start":{"line":25,"column":11},"end":{"line":25,"column":49}},{"start":{"line":26,"column":11},"end":{"line":26,"column":44}},{"start":{"line":27,"column":11},"end":{"line":27,"column":49}}],"line":24}},"s":{"0":1,"1":0,"2":0,"3":0,"4":0,"5":0,"6":0,"7":0,"8":0,"9":0,"10":0,"11":0,"12":0,"13":0,"14":0,"15":0,"16":0,"17":0,"18":0,"19":0,"20":0,"21":0,"22":0,"23":1},"f":{"0":0},"b":{"0":[0,0],"1":[0,0],"2":[0,0,0],"3":[0,0],"4":[0,0],"5":[0,0],"6":[0,0],"7":[0,0],"8":[0,0],"9":[0,0],"10":[0,0],"11":[0,0],"12":[0,0,0,0]},"_coverageSchema":"1a1c01bbd47fc00a2c39e90264f33305004495a9","hash":"6e976a57f2a591b307a5df2fe2829cc55220f595"}
,"C:\\Users\\Alex\\Documents\\Alex\\2020 - 2029\\2021\\JavaScript-330B\\ShopLifters\\middleware\\auth.js": {"path":"C:\\Users\\Alex\\Documents\\Alex\\2020 - 2029\\2021\\JavaScript-330B\\ShopLifters\\middleware\\auth.js","statementMap":{"0":{"start":{"line":1,"column":12},"end":{"line":1,"column":35}},"1":{"start":{"line":2,"column":0},"end":{"line":2,"column":27}},"2":{"start":{"line":4,"column":24},"end":{"line":25,"column":1}},"3":{"start":{"line":5,"column":4},"end":{"line":24,"column":5}},"4":{"start":{"line":6,"column":8},"end":{"line":6,"column":54}},"5":{"start":{"line":7,"column":23},"end":{"line":7,"column":47}},"6":{"start":{"line":9,"column":8},"end":{"line":21,"column":9}},"7":{"start":{"line":10,"column":26},"end":{"line":10,"column":55}},"8":{"start":{"line":11,"column":25},"end":{"line":11,"column":66}},"9":{"start":{"line":13,"column":12},"end":{"line":18,"column":13}},"10":{"start":{"line":14,"column":16},"end":{"line":14,"column":32}},"11":{"start":{"line":15,"column":16},"end":{"line":15,"column":23}},"12":{"start":{"line":17,"column":16},"end":{"line":17,"column":54}},"13":{"start":{"line":20,"column":12},"end":{"line":20,"column":41}},"14":{"start":{"line":23,"column":8},"end":{"line":23,"column":16}},"15":{"start":{"line":27,"column":16},"end":{"line":38,"column":1}},"16":{"start":{"line":28,"column":4},"end":{"line":37,"column":5}},"17":{"start":{"line":29,"column":21},"end":{"line":29,"column":29}},"18":{"start":{"line":30,"column":8},"end":{"line":34,"column":9}},"19":{"start":{"line":31,"column":12},"end":{"line":31,"column":19}},"20":{"start":{"line":33,"column":12},"end":{"line":33,"column":45}},"21":{"start":{"line":36,"column":8},"end":{"line":36,"column":16}},"22":{"start":{"line":40,"column":0},"end":{"line":43,"column":2}}},"fnMap":{"0":{"name":"(anonymous_0)","decl":{"start":{"line":4,"column":24},"end":{"line":4,"column":25}},"loc":{"start":{"line":4,"column":50},"end":{"line":25,"column":1}},"line":4},"1":{"name":"(anonymous_1)","decl":{"start":{"line":27,"column":16},"end":{"line":27,"column":17}},"loc":{"start":{"line":27,"column":42},"end":{"line":38,"column":1}},"line":27}},"branchMap":{"0":{"loc":{"start":{"line":9,"column":8},"end":{"line":21,"column":9}},"type":"if","locations":[{"start":{"line":9,"column":8},"end":{"line":21,"column":9}},{"start":{"line":9,"column":8},"end":{"line":21,"column":9}}],"line":9},"1":{"loc":{"start":{"line":13,"column":12},"end":{"line":18,"column":13}},"type":"if","locations":[{"start":{"line":13,"column":12},"end":{"line":18,"column":13}},{"start":{"line":13,"column":12},"end":{"line":18,"column":13}}],"line":13},"2":{"loc":{"start":{"line":30,"column":8},"end":{"line":34,"column":9}},"type":"if","locations":[{"start":{"line":30,"column":8},"end":{"line":34,"column":9}},{"start":{"line":30,"column":8},"end":{"line":34,"column":9}}],"line":30}},"s":{"0":1,"1":1,"2":1,"3":0,"4":0,"5":0,"6":0,"7":0,"8":0,"9":0,"10":0,"11":0,"12":0,"13":0,"14":0,"15":1,"16":0,"17":0,"18":0,"19":0,"20":0,"21":0,"22":1},"f":{"0":0,"1":0},"b":{"0":[0,0],"1":[0,0],"2":[0,0]},"_coverageSchema":"1a1c01bbd47fc00a2c39e90264f33305004495a9","hash":"c6a70770197612052251a928ea6987427a15faaf"}
,"C:\\Users\\Alex\\Documents\\Alex\\2020 - 2029\\2021\\JavaScript-330B\\ShopLifters\\models\\order.js": {"path":"C:\\Users\\Alex\\Documents\\Alex\\2020 - 2029\\2021\\JavaScript-330B\\ShopLifters\\models\\order.js","statementMap":{"0":{"start":{"line":1,"column":17},"end":{"line":1,"column":36}},"1":{"start":{"line":3,"column":20},"end":{"line":8,"column":2}},"2":{"start":{"line":10,"column":0},"end":{"line":10,"column":55}}},"fnMap":{},"branchMap":{},"s":{"0":1,"1":1,"2":1},"f":{},"b":{},"_coverageSchema":"1a1c01bbd47fc00a2c39e90264f33305004495a9","hash":"a7658442d1dc9374c7631a119f3567072ea801be"}
,"C:\\Users\\Alex\\Documents\\Alex\\2020 - 2029\\2021\\JavaScript-330B\\ShopLifters\\models\\product.js": {"path":"C:\\Users\\Alex\\Documents\\Alex\\2020 - 2029\\2021\\JavaScript-330B\\ShopLifters\\models\\product.js","statementMap":{"0":{"start":{"line":1,"column":17},"end":{"line":1,"column":36}},"1":{"start":{"line":3,"column":22},"end":{"line":10,"column":2}},"2":{"start":{"line":12,"column":0},"end":{"line":12,"column":55}},"3":{"start":{"line":15,"column":0},"end":{"line":15,"column":59}}},"fnMap":{},"branchMap":{},"s":{"0":1,"1":1,"2":1,"3":1},"f":{},"b":{},"_coverageSchema":"1a1c01bbd47fc00a2c39e90264f33305004495a9","hash":"cd10c23cc6b433fca2441dcc0e3f22913a9369c8"}
,"C:\\Users\\Alex\\Documents\\Alex\\2020 - 2029\\2021\\JavaScript-330B\\ShopLifters\\models\\users.js": {"path":"C:\\Users\\Alex\\Documents\\Alex\\2020 - 2029\\2021\\JavaScript-330B\\ShopLifters\\models\\users.js","statementMap":{"0":{"start":{"line":1,"column":17},"end":{"line":1,"column":36}},"1":{"start":{"line":3,"column":19},"end":{"line":12,"column":2}},"2":{"start":{"line":14,"column":0},"end":{"line":14,"column":71}},"3":{"start":{"line":16,"column":0},"end":{"line":16,"column":53}}},"fnMap":{},"branchMap":{},"s":{"0":1,"1":1,"2":1,"3":1},"f":{},"b":{},"_coverageSchema":"1a1c01bbd47fc00a2c39e90264f33305004495a9","hash":"d7e5f0a61f8b1b4024e9206346a4596632c6afaf"}
,"C:\\Users\\Alex\\Documents\\Alex\\2020 - 2029\\2021\\JavaScript-330B\\ShopLifters\\routes\\admin.js": {"path":"C:\\Users\\Alex\\Documents\\Alex\\2020 - 2029\\2021\\JavaScript-330B\\ShopLifters\\routes\\admin.js","statementMap":{"0":{"start":{"line":1,"column":19},"end":{"line":1,"column":37}},"1":{"start":{"line":2,"column":15},"end":{"line":2,"column":23}},"2":{"start":{"line":3,"column":17},"end":{"line":3,"column":36}},"3":{"start":{"line":5,"column":19},"end":{"line":5,"column":45}},"4":{"start":{"line":6,"column":16},"end":{"line":6,"column":40}},"5":{"start":{"line":7,"column":17},"end":{"line":7,"column":41}},"6":{"start":{"line":9,"column":21},"end":{"line":9,"column":57}},"7":{"start":{"line":11,"column":0},"end":{"line":15,"column":3}},"8":{"start":{"line":12,"column":4},"end":{"line":12,"column":70}},"9":{"start":{"line":13,"column":4},"end":{"line":13,"column":36}},"10":{"start":{"line":14,"column":4},"end":{"line":14,"column":11}},"11":{"start":{"line":18,"column":0},"end":{"line":25,"column":3}},"12":{"start":{"line":19,"column":4},"end":{"line":24,"column":5}},"13":{"start":{"line":20,"column":28},"end":{"line":20,"column":61}},"14":{"start":{"line":21,"column":8},"end":{"line":21,"column":60}},"15":{"start":{"line":23,"column":8},"end":{"line":23,"column":16}},"16":{"start":{"line":28,"column":0},"end":{"line":35,"column":3}},"17":{"start":{"line":29,"column":4},"end":{"line":34,"column":5}},"18":{"start":{"line":30,"column":26},"end":{"line":30,"column":49}},"19":{"start":{"line":31,"column":8},"end":{"line":31,"column":54}},"20":{"start":{"line":33,"column":8},"end":{"line":33,"column":16}},"21":{"start":{"line":38,"column":0},"end":{"line":45,"column":3}},"22":{"start":{"line":39,"column":4},"end":{"line":44,"column":5}},"23":{"start":{"line":40,"column":25},"end":{"line":40,"column":52}},"24":{"start":{"line":41,"column":8},"end":{"line":41,"column":51}},"25":{"start":{"line":43,"column":8},"end":{"line":43,"column":16}},"26":{"start":{"line":51,"column":0},"end":{"line":63,"column":3}},"27":{"start":{"line":52,"column":4},"end":{"line":62,"column":5}},"28":{"start":{"line":53,"column":26},"end":{"line":53,"column":42}},"29":{"start":{"line":54,"column":8},"end":{"line":59,"column":9}},"30":{"start":{"line":55,"column":12},"end":{"line":55,"column":44}},"31":{"start":{"line":57,"column":37},"end":{"line":57,"column":82}},"32":{"start":{"line":58,"column":12},"end":{"line":58,"column":69}},"33":{"start":{"line":61,"column":8},"end":{"line":61,"column":16}},"34":{"start":{"line":66,"column":0},"end":{"line":78,"column":3}},"35":{"start":{"line":67,"column":4},"end":{"line":77,"column":5}},"36":{"start":{"line":68,"column":26},"end":{"line":68,"column":42}},"37":{"start":{"line":69,"column":8},"end":{"line":74,"column":9}},"38":{"start":{"line":70,"column":12},"end":{"line":70,"column":42}},"39":{"start":{"line":72,"column":35},"end":{"line":72,"column":78}},"40":{"start":{"line":73,"column":12},"end":{"line":73,"column":63}},"41":{"start":{"line":76,"column":8},"end":{"line":76,"column":16}},"42":{"start":{"line":81,"column":0},"end":{"line":93,"column":3}},"43":{"start":{"line":82,"column":4},"end":{"line":92,"column":5}},"44":{"start":{"line":83,"column":26},"end":{"line":83,"column":42}},"45":{"start":{"line":84,"column":8},"end":{"line":89,"column":9}},"46":{"start":{"line":85,"column":12},"end":{"line":85,"column":41}},"47":{"start":{"line":87,"column":34},"end":{"line":87,"column":76}},"48":{"start":{"line":88,"column":12},"end":{"line":88,"column":60}},"49":{"start":{"line":91,"column":8},"end":{"line":91,"column":16}},"50":{"start":{"line":98,"column":0},"end":{"line":118,"column":3}},"51":{"start":{"line":99,"column":64},"end":{"line":99,"column":72}},"52":{"start":{"line":101,"column":20},"end":{"line":101,"column":65}},"53":{"start":{"line":103,"column":17},"end":{"line":109,"column":5}},"54":{"start":{"line":111,"column":27},"end":{"line":111,"column":76}},"55":{"start":{"line":113,"column":4},"end":{"line":117,"column":5}},"56":{"start":{"line":114,"column":8},"end":{"line":114,"column":40}},"57":{"start":{"line":116,"column":8},"end":{"line":116,"column":40}},"58":{"start":{"line":122,"column":0},"end":{"line":133,"column":3}},"59":{"start":{"line":123,"column":20},"end":{"line":123,"column":74}},"60":{"start":{"line":125,"column":4},"end":{"line":125,"column":25}},"61":{"start":{"line":126,"column":27},"end":{"line":126,"column":67}},"62":{"start":{"line":128,"column":4},"end":{"line":132,"column":5}},"63":{"start":{"line":129,"column":8},"end":{"line":129,"column":40}},"64":{"start":{"line":131,"column":8},"end":{"line":131,"column":40}},"65":{"start":{"line":135,"column":0},"end":{"line":163,"column":3}},"66":{"start":{"line":136,"column":54},"end":{"line":136,"column":62}},"67":{"start":{"line":138,"column":17},"end":{"line":138,"column":71}},"68":{"start":{"line":139,"column":26},"end":{"line":139,"column":61}},"69":{"start":{"line":141,"column":4},"end":{"line":162,"column":5}},"70":{"start":{"line":142,"column":8},"end":{"line":144,"column":9}},"71":{"start":{"line":143,"column":12},"end":{"line":143,"column":99}},"72":{"start":{"line":146,"column":22},"end":{"line":146,"column":53}},"73":{"start":{"line":148,"column":19},"end":{"line":153,"column":9}},"74":{"start":{"line":155,"column":28},"end":{"line":155,"column":72}},"75":{"start":{"line":157,"column":8},"end":{"line":161,"column":9}},"76":{"start":{"line":158,"column":12},"end":{"line":158,"column":41}},"77":{"start":{"line":160,"column":12},"end":{"line":160,"column":112}},"78":{"start":{"line":166,"column":0},"end":{"line":175,"column":3}},"79":{"start":{"line":168,"column":24},"end":{"line":168,"column":86}},"80":{"start":{"line":170,"column":4},"end":{"line":174,"column":5}},"81":{"start":{"line":171,"column":8},"end":{"line":171,"column":37}},"82":{"start":{"line":173,"column":8},"end":{"line":173,"column":108}},"83":{"start":{"line":178,"column":0},"end":{"line":178,"column":25}},"84":{"start":{"line":180,"column":0},"end":{"line":180,"column":24}}},"fnMap":{"0":{"name":"(anonymous_0)","decl":{"start":{"line":11,"column":11},"end":{"line":11,"column":12}},"loc":{"start":{"line":11,"column":37},"end":{"line":15,"column":1}},"line":11},"1":{"name":"(anonymous_1)","decl":{"start":{"line":18,"column":24},"end":{"line":18,"column":25}},"loc":{"start":{"line":18,"column":47},"end":{"line":25,"column":1}},"line":18},"2":{"name":"(anonymous_2)","decl":{"start":{"line":28,"column":22},"end":{"line":28,"column":23}},"loc":{"start":{"line":28,"column":45},"end":{"line":35,"column":1}},"line":28},"3":{"name":"(anonymous_3)","decl":{"start":{"line":38,"column":21},"end":{"line":38,"column":22}},"loc":{"start":{"line":38,"column":44},"end":{"line":45,"column":1}},"line":38},"4":{"name":"(anonymous_4)","decl":{"start":{"line":51,"column":31},"end":{"line":51,"column":32}},"loc":{"start":{"line":51,"column":54},"end":{"line":63,"column":1}},"line":51},"5":{"name":"(anonymous_5)","decl":{"start":{"line":66,"column":29},"end":{"line":66,"column":30}},"loc":{"start":{"line":66,"column":52},"end":{"line":78,"column":1}},"line":66},"6":{"name":"(anonymous_6)","decl":{"start":{"line":81,"column":28},"end":{"line":81,"column":29}},"loc":{"start":{"line":81,"column":51},"end":{"line":93,"column":1}},"line":81},"7":{"name":"(anonymous_7)","decl":{"start":{"line":98,"column":32},"end":{"line":98,"column":33}},"loc":{"start":{"line":98,"column":56},"end":{"line":118,"column":1}},"line":98},"8":{"name":"(anonymous_8)","decl":{"start":{"line":122,"column":32},"end":{"line":122,"column":33}},"loc":{"start":{"line":122,"column":56},"end":{"line":133,"column":1}},"line":122},"9":{"name":"(anonymous_9)","decl":{"start":{"line":135,"column":29},"end":{"line":135,"column":30}},"loc":{"start":{"line":135,"column":53},"end":{"line":163,"column":1}},"line":135},"10":{"name":"(anonymous_10)","decl":{"start":{"line":166,"column":29},"end":{"line":166,"column":30}},"loc":{"start":{"line":166,"column":53},"end":{"line":175,"column":1}},"line":166}},"branchMap":{"0":{"loc":{"start":{"line":54,"column":8},"end":{"line":59,"column":9}},"type":"if","locations":[{"start":{"line":54,"column":8},"end":{"line":59,"column":9}},{"start":{"line":54,"column":8},"end":{"line":59,"column":9}}],"line":54},"1":{"loc":{"start":{"line":69,"column":8},"end":{"line":74,"column":9}},"type":"if","locations":[{"start":{"line":69,"column":8},"end":{"line":74,"column":9}},{"start":{"line":69,"column":8},"end":{"line":74,"column":9}}],"line":69},"2":{"loc":{"start":{"line":84,"column":8},"end":{"line":89,"column":9}},"type":"if","locations":[{"start":{"line":84,"column":8},"end":{"line":89,"column":9}},{"start":{"line":84,"column":8},"end":{"line":89,"column":9}}],"line":84},"3":{"loc":{"start":{"line":104,"column":15},"end":{"line":104,"column":57}},"type":"cond-expr","locations":[{"start":{"line":104,"column":33},"end":{"line":104,"column":41}},{"start":{"line":104,"column":44},"end":{"line":104,"column":57}}],"line":104},"4":{"loc":{"start":{"line":105,"column":15},"end":{"line":105,"column":51}},"type":"cond-expr","locations":[{"start":{"line":105,"column":30},"end":{"line":105,"column":35}},{"start":{"line":105,"column":38},"end":{"line":105,"column":51}}],"line":105},"5":{"loc":{"start":{"line":106,"column":15},"end":{"line":106,"column":51}},"type":"cond-expr","locations":[{"start":{"line":106,"column":30},"end":{"line":106,"column":35}},{"start":{"line":106,"column":38},"end":{"line":106,"column":51}}],"line":106},"6":{"loc":{"start":{"line":107,"column":21},"end":{"line":107,"column":75}},"type":"cond-expr","locations":[{"start":{"line":107,"column":42},"end":{"line":107,"column":53}},{"start":{"line":107,"column":56},"end":{"line":107,"column":75}}],"line":107},"7":{"loc":{"start":{"line":108,"column":18},"end":{"line":108,"column":63}},"type":"cond-expr","locations":[{"start":{"line":108,"column":36},"end":{"line":108,"column":44}},{"start":{"line":108,"column":47},"end":{"line":108,"column":63}}],"line":108},"8":{"loc":{"start":{"line":113,"column":4},"end":{"line":117,"column":5}},"type":"if","locations":[{"start":{"line":113,"column":4},"end":{"line":117,"column":5}},{"start":{"line":113,"column":4},"end":{"line":117,"column":5}}],"line":113},"9":{"loc":{"start":{"line":128,"column":4},"end":{"line":132,"column":5}},"type":"if","locations":[{"start":{"line":128,"column":4},"end":{"line":132,"column":5}},{"start":{"line":128,"column":4},"end":{"line":132,"column":5}}],"line":128},"10":{"loc":{"start":{"line":141,"column":4},"end":{"line":162,"column":5}},"type":"if","locations":[{"start":{"line":141,"column":4},"end":{"line":162,"column":5}},{"start":{"line":141,"column":4},"end":{"line":162,"column":5}}],"line":141},"11":{"loc":{"start":{"line":142,"column":8},"end":{"line":144,"column":9}},"type":"if","locations":[{"start":{"line":142,"column":8},"end":{"line":144,"column":9}},{"start":{"line":142,"column":8},"end":{"line":144,"column":9}}],"line":142},"12":{"loc":{"start":{"line":146,"column":22},"end":{"line":146,"column":53}},"type":"cond-expr","locations":[{"start":{"line":146,"column":41},"end":{"line":146,"column":45}},{"start":{"line":146,"column":48},"end":{"line":146,"column":53}}],"line":146},"13":{"loc":{"start":{"line":149,"column":19},"end":{"line":149,"column":52}},"type":"cond-expr","locations":[{"start":{"line":149,"column":34},"end":{"line":149,"column":39}},{"start":{"line":149,"column":42},"end":{"line":149,"column":52}}],"line":149},"14":{"loc":{"start":{"line":150,"column":23},"end":{"line":150,"column":68}},"type":"cond-expr","locations":[{"start":{"line":150,"column":42},"end":{"line":150,"column":51}},{"start":{"line":150,"column":54},"end":{"line":150,"column":68}}],"line":150},"15":{"loc":{"start":{"line":151,"column":22},"end":{"line":151,"column":64}},"type":"cond-expr","locations":[{"start":{"line":151,"column":40},"end":{"line":151,"column":48}},{"start":{"line":151,"column":51},"end":{"line":151,"column":64}}],"line":151},"16":{"loc":{"start":{"line":152,"column":16},"end":{"line":152,"column":40}},"type":"binary-expr","locations":[{"start":{"line":152,"column":16},"end":{"line":152,"column":21}},{"start":{"line":152,"column":25},"end":{"line":152,"column":40}}],"line":152},"17":{"loc":{"start":{"line":157,"column":8},"end":{"line":161,"column":9}},"type":"if","locations":[{"start":{"line":157,"column":8},"end":{"line":161,"column":9}},{"start":{"line":157,"column":8},"end":{"line":161,"column":9}}],"line":157},"18":{"loc":{"start":{"line":170,"column":4},"end":{"line":174,"column":5}},"type":"if","locations":[{"start":{"line":170,"column":4},"end":{"line":174,"column":5}},{"start":{"line":170,"column":4},"end":{"line":174,"column":5}}],"line":170}},"s":{"0":1,"1":1,"2":1,"3":1,"4":1,"5":1,"6":1,"7":1,"8":0,"9":0,"10":0,"11":1,"12":0,"13":0,"14":0,"15":0,"16":1,"17":0,"18":0,"19":0,"20":0,"21":1,"22":0,"23":0,"24":0,"25":0,"26":1,"27":0,"28":0,"29":0,"30":0,"31":0,"32":0,"33":0,"34":1,"35":0,"36":0,"37":0,"38":0,"39":0,"40":0,"41":0,"42":1,"43":0,"44":0,"45":0,"46":0,"47":0,"48":0,"49":0,"50":1,"51":0,"52":0,"53":0,"54":0,"55":0,"56":0,"57":0,"58":1,"59":0,"60":0,"61":0,"62":0,"63":0,"64":0,"65":1,"66":0,"67":0,"68":0,"69":0,"70":0,"71":0,"72":0,"73":0,"74":0,"75":0,"76":0,"77":0,"78":1,"79":0,"80":0,"81":0,"82":0,"83":1,"84":1},"f":{"0":0,"1":0,"2":0,"3":0,"4":0,"5":0,"6":0,"7":0,"8":0,"9":0,"10":0},"b":{"0":[0,0],"1":[0,0],"2":[0,0],"3":[0,0],"4":[0,0],"5":[0,0],"6":[0,0],"7":[0,0],"8":[0,0],"9":[0,0],"10":[0,0],"11":[0,0],"12":[0,0],"13":[0,0],"14":[0,0],"15":[0,0],"16":[0,0],"17":[0,0],"18":[0,0]},"_coverageSchema":"1a1c01bbd47fc00a2c39e90264f33305004495a9","hash":"bbc2177d3a3e389043b3bedbc3d4e251090d8a5c"}
,"C:\\Users\\Alex\\Documents\\Alex\\2020 - 2029\\2021\\JavaScript-330B\\ShopLifters\\routes\\index.js": {"path":"C:\\Users\\Alex\\Documents\\Alex\\2020 - 2029\\2021\\JavaScript-330B\\ShopLifters\\routes\\index.js","statementMap":{"0":{"start":{"line":1,"column":19},"end":{"line":1,"column":37}},"1":{"start":{"line":2,"column":15},"end":{"line":2,"column":23}},"2":{"start":{"line":3,"column":0},"end":{"line":3,"column":36}},"3":{"start":{"line":4,"column":0},"end":{"line":4,"column":40}},"4":{"start":{"line":6,"column":13},"end":{"line":6,"column":42}},"5":{"start":{"line":7,"column":21},"end":{"line":7,"column":57}},"6":{"start":{"line":9,"column":0},"end":{"line":11,"column":4}},"7":{"start":{"line":13,"column":0},"end":{"line":13,"column":30}},"8":{"start":{"line":14,"column":0},"end":{"line":14,"column":27}},"9":{"start":{"line":16,"column":0},"end":{"line":20,"column":5}},"10":{"start":{"line":17,"column":4},"end":{"line":17,"column":62}},"11":{"start":{"line":18,"column":4},"end":{"line":18,"column":36}},"12":{"start":{"line":19,"column":4},"end":{"line":19,"column":11}},"13":{"start":{"line":22,"column":0},"end":{"line":24,"column":3}},"14":{"start":{"line":23,"column":2},"end":{"line":23,"column":23}},"15":{"start":{"line":26,"column":0},"end":{"line":28,"column":3}},"16":{"start":{"line":27,"column":2},"end":{"line":27,"column":30}},"17":{"start":{"line":30,"column":0},"end":{"line":32,"column":3}},"18":{"start":{"line":31,"column":2},"end":{"line":31,"column":58}},"19":{"start":{"line":34,"column":0},"end":{"line":34,"column":45}},"20":{"start":{"line":35,"column":0},"end":{"line":35,"column":41}},"21":{"start":{"line":36,"column":0},"end":{"line":36,"column":52}},"22":{"start":{"line":38,"column":0},"end":{"line":44,"column":3}},"23":{"start":{"line":39,"column":2},"end":{"line":43,"column":3}},"24":{"start":{"line":40,"column":4},"end":{"line":40,"column":24}},"25":{"start":{"line":42,"column":4},"end":{"line":42,"column":11}},"26":{"start":{"line":46,"column":0},"end":{"line":46,"column":33}},"27":{"start":{"line":48,"column":0},"end":{"line":54,"column":3}},"28":{"start":{"line":49,"column":2},"end":{"line":53,"column":3}},"29":{"start":{"line":50,"column":4},"end":{"line":50,"column":58}},"30":{"start":{"line":52,"column":4},"end":{"line":52,"column":53}},"31":{"start":{"line":56,"column":0},"end":{"line":56,"column":47}},"32":{"start":{"line":57,"column":0},"end":{"line":57,"column":46}},"33":{"start":{"line":58,"column":0},"end":{"line":58,"column":53}},"34":{"start":{"line":59,"column":0},"end":{"line":59,"column":44}},"35":{"start":{"line":61,"column":0},"end":{"line":61,"column":41}},"36":{"start":{"line":63,"column":0},"end":{"line":63,"column":25}},"37":{"start":{"line":65,"column":0},"end":{"line":65,"column":24}}},"fnMap":{"0":{"name":"(anonymous_0)","decl":{"start":{"line":16,"column":11},"end":{"line":16,"column":12}},"loc":{"start":{"line":16,"column":37},"end":{"line":20,"column":3}},"line":16},"1":{"name":"(anonymous_1)","decl":{"start":{"line":22,"column":21},"end":{"line":22,"column":22}},"loc":{"start":{"line":22,"column":39},"end":{"line":24,"column":1}},"line":22},"2":{"name":"(anonymous_2)","decl":{"start":{"line":26,"column":28},"end":{"line":26,"column":29}},"loc":{"start":{"line":26,"column":46},"end":{"line":28,"column":1}},"line":26},"3":{"name":"(anonymous_3)","decl":{"start":{"line":30,"column":36},"end":{"line":30,"column":37}},"loc":{"start":{"line":30,"column":54},"end":{"line":32,"column":1}},"line":30},"4":{"name":"(anonymous_4)","decl":{"start":{"line":38,"column":16},"end":{"line":38,"column":17}},"loc":{"start":{"line":38,"column":36},"end":{"line":44,"column":1}},"line":38},"5":{"name":"(anonymous_5)","decl":{"start":{"line":48,"column":20},"end":{"line":48,"column":21}},"loc":{"start":{"line":48,"column":38},"end":{"line":54,"column":1}},"line":48}},"branchMap":{"0":{"loc":{"start":{"line":39,"column":2},"end":{"line":43,"column":3}},"type":"if","locations":[{"start":{"line":39,"column":2},"end":{"line":43,"column":3}},{"start":{"line":39,"column":2},"end":{"line":43,"column":3}}],"line":39},"1":{"loc":{"start":{"line":49,"column":2},"end":{"line":53,"column":3}},"type":"if","locations":[{"start":{"line":49,"column":2},"end":{"line":53,"column":3}},{"start":{"line":49,"column":2},"end":{"line":53,"column":3}}],"line":49}},"s":{"0":1,"1":1,"2":1,"3":1,"4":1,"5":1,"6":1,"7":1,"8":1,"9":1,"10":2,"11":2,"12":2,"13":1,"14":0,"15":1,"16":0,"17":1,"18":0,"19":1,"20":1,"21":1,"22":1,"23":0,"24":0,"25":0,"26":1,"27":1,"28":0,"29":0,"30":0,"31":1,"32":1,"33":1,"34":1,"35":1,"36":1,"37":1},"f":{"0":2,"1":0,"2":0,"3":0,"4":0,"5":0},"b":{"0":[0,0],"1":[0,0]},"_coverageSchema":"1a1c01bbd47fc00a2c39e90264f33305004495a9","hash":"2cab8823531908c6bae9d3c3b247cd5400ece4da"}
,"C:\\Users\\Alex\\Documents\\Alex\\2020 - 2029\\2021\\JavaScript-330B\\ShopLifters\\routes\\login.js": {"path":"C:\\Users\\Alex\\Documents\\Alex\\2020 - 2029\\2021\\JavaScript-330B\\ShopLifters\\routes\\login.js","statementMap":{"0":{"start":{"line":1,"column":19},"end":{"line":1,"column":37}},"1":{"start":{"line":2,"column":15},"end":{"line":2,"column":23}},"2":{"start":{"line":3,"column":15},"end":{"line":3,"column":32}},"3":{"start":{"line":4,"column":12},"end":{"line":4,"column":35}},"4":{"start":{"line":6,"column":0},"end":{"line":6,"column":27}},"5":{"start":{"line":7,"column":15},"end":{"line":7,"column":37}},"6":{"start":{"line":9,"column":16},"end":{"line":9,"column":40}},"7":{"start":{"line":11,"column":0},"end":{"line":15,"column":3}},"8":{"start":{"line":12,"column":4},"end":{"line":12,"column":70}},"9":{"start":{"line":13,"column":4},"end":{"line":13,"column":36}},"10":{"start":{"line":14,"column":4},"end":{"line":14,"column":11}},"11":{"start":{"line":17,"column":0},"end":{"line":19,"column":3}},"12":{"start":{"line":18,"column":4},"end":{"line":18,"column":36}},"13":{"start":{"line":21,"column":0},"end":{"line":68,"column":3}},"14":{"start":{"line":22,"column":4},"end":{"line":67,"column":3}},"15":{"start":{"line":23,"column":34},"end":{"line":23,"column":42}},"16":{"start":{"line":25,"column":8},"end":{"line":27,"column":9}},"17":{"start":{"line":26,"column":12},"end":{"line":26,"column":49}},"18":{"start":{"line":29,"column":21},"end":{"line":29,"column":56}},"19":{"start":{"line":31,"column":8},"end":{"line":64,"column":9}},"20":{"start":{"line":32,"column":12},"end":{"line":32,"column":46}},"21":{"start":{"line":35,"column":29},"end":{"line":35,"column":74}},"22":{"start":{"line":36,"column":28},"end":{"line":36,"column":64}},"23":{"start":{"line":38,"column":26},"end":{"line":43,"column":13}},"24":{"start":{"line":45,"column":12},"end":{"line":48,"column":13}},"25":{"start":{"line":50,"column":12},"end":{"line":50,"column":46}},"26":{"start":{"line":52,"column":12},"end":{"line":63,"column":13}},"27":{"start":{"line":54,"column":33},"end":{"line":56,"column":18}},"28":{"start":{"line":58,"column":16},"end":{"line":58,"column":61}},"29":{"start":{"line":59,"column":16},"end":{"line":59,"column":37}},"30":{"start":{"line":62,"column":16},"end":{"line":62,"column":57}},"31":{"start":{"line":66,"column":4},"end":{"line":66,"column":12}},"32":{"start":{"line":70,"column":0},"end":{"line":70,"column":24}}},"fnMap":{"0":{"name":"(anonymous_0)","decl":{"start":{"line":11,"column":11},"end":{"line":11,"column":12}},"loc":{"start":{"line":11,"column":37},"end":{"line":15,"column":1}},"line":11},"1":{"name":"(anonymous_1)","decl":{"start":{"line":17,"column":16},"end":{"line":17,"column":17}},"loc":{"start":{"line":17,"column":40},"end":{"line":19,"column":1}},"line":17},"2":{"name":"(anonymous_2)","decl":{"start":{"line":21,"column":17},"end":{"line":21,"column":18}},"loc":{"start":{"line":21,"column":43},"end":{"line":68,"column":1}},"line":21}},"branchMap":{"0":{"loc":{"start":{"line":25,"column":8},"end":{"line":27,"column":9}},"type":"if","locations":[{"start":{"line":25,"column":8},"end":{"line":27,"column":9}},{"start":{"line":25,"column":8},"end":{"line":27,"column":9}}],"line":25},"1":{"loc":{"start":{"line":25,"column":12},"end":{"line":25,"column":78}},"type":"binary-expr","locations":[{"start":{"line":25,"column":12},"end":{"line":25,"column":18}},{"start":{"line":25,"column":22},"end":{"line":25,"column":31}},{"start":{"line":25,"column":35},"end":{"line":25,"column":53}},{"start":{"line":25,"column":57},"end":{"line":25,"column":78}}],"line":25},"2":{"loc":{"start":{"line":31,"column":8},"end":{"line":64,"column":9}},"type":"if","locations":[{"start":{"line":31,"column":8},"end":{"line":64,"column":9}},{"start":{"line":31,"column":8},"end":{"line":64,"column":9}}],"line":31},"3":{"loc":{"start":{"line":36,"column":28},"end":{"line":36,"column":64}},"type":"cond-expr","locations":[{"start":{"line":36,"column":52},"end":{"line":36,"column":56}},{"start":{"line":36,"column":59},"end":{"line":36,"column":64}}],"line":36},"4":{"loc":{"start":{"line":47,"column":20},"end":{"line":47,"column":46}},"type":"binary-expr","locations":[{"start":{"line":47,"column":20},"end":{"line":47,"column":27}},{"start":{"line":47,"column":31},"end":{"line":47,"column":46}}],"line":47},"5":{"loc":{"start":{"line":52,"column":12},"end":{"line":63,"column":13}},"type":"if","locations":[{"start":{"line":52,"column":12},"end":{"line":63,"column":13}},{"start":{"line":52,"column":12},"end":{"line":63,"column":13}}],"line":52}},"s":{"0":1,"1":1,"2":1,"3":1,"4":1,"5":1,"6":1,"7":1,"8":0,"9":0,"10":0,"11":1,"12":0,"13":1,"14":0,"15":0,"16":0,"17":0,"18":0,"19":0,"20":0,"21":0,"22":0,"23":0,"24":0,"25":0,"26":0,"27":0,"28":0,"29":0,"30":0,"31":0,"32":1},"f":{"0":0,"1":0,"2":0},"b":{"0":[0,0],"1":[0,0,0,0],"2":[0,0],"3":[0,0],"4":[0,0],"5":[0,0]},"_coverageSchema":"1a1c01bbd47fc00a2c39e90264f33305004495a9","hash":"fec1254895912e17e581e552f33234f2c964c52b"}
,"C:\\Users\\Alex\\Documents\\Alex\\2020 - 2029\\2021\\JavaScript-330B\\ShopLifters\\routes\\myOrders.js": {"path":"C:\\Users\\Alex\\Documents\\Alex\\2020 - 2029\\2021\\JavaScript-330B\\ShopLifters\\routes\\myOrders.js","statementMap":{"0":{"start":{"line":1,"column":19},"end":{"line":1,"column":37}},"1":{"start":{"line":2,"column":15},"end":{"line":2,"column":23}},"2":{"start":{"line":4,"column":17},"end":{"line":4,"column":41}},"3":{"start":{"line":6,"column":0},"end":{"line":10,"column":3}},"4":{"start":{"line":7,"column":4},"end":{"line":7,"column":70}},"5":{"start":{"line":8,"column":4},"end":{"line":8,"column":36}},"6":{"start":{"line":9,"column":4},"end":{"line":9,"column":11}},"7":{"start":{"line":12,"column":0},"end":{"line":15,"column":3}},"8":{"start":{"line":13,"column":23},"end":{"line":13,"column":66}},"9":{"start":{"line":14,"column":4},"end":{"line":14,"column":61}},"10":{"start":{"line":17,"column":0},"end":{"line":17,"column":24}}},"fnMap":{"0":{"name":"(anonymous_0)","decl":{"start":{"line":6,"column":11},"end":{"line":6,"column":12}},"loc":{"start":{"line":6,"column":37},"end":{"line":10,"column":1}},"line":6},"1":{"name":"(anonymous_1)","decl":{"start":{"line":12,"column":16},"end":{"line":12,"column":17}},"loc":{"start":{"line":12,"column":40},"end":{"line":15,"column":1}},"line":12}},"branchMap":{},"s":{"0":1,"1":1,"2":1,"3":1,"4":0,"5":0,"6":0,"7":1,"8":0,"9":0,"10":1},"f":{"0":0,"1":0},"b":{},"_coverageSchema":"1a1c01bbd47fc00a2c39e90264f33305004495a9","hash":"ef857f2aff42b25297f2d7fb6a46f8c0ac75c536"}
,"C:\\Users\\Alex\\Documents\\Alex\\2020 - 2029\\2021\\JavaScript-330B\\ShopLifters\\routes\\orderCreate.js": {"path":"C:\\Users\\Alex\\Documents\\Alex\\2020 - 2029\\2021\\JavaScript-330B\\ShopLifters\\routes\\orderCreate.js","statementMap":{"0":{"start":{"line":1,"column":19},"end":{"line":1,"column":37}},"1":{"start":{"line":2,"column":15},"end":{"line":2,"column":23}},"2":{"start":{"line":4,"column":20},"end":{"line":4,"column":46}},"3":{"start":{"line":5,"column":16},"end":{"line":5,"column":40}},"4":{"start":{"line":6,"column":18},"end":{"line":6,"column":42}},"5":{"start":{"line":8,"column":20},"end":{"line":8,"column":56}},"6":{"start":{"line":10,"column":0},"end":{"line":14,"column":3}},"7":{"start":{"line":11,"column":4},"end":{"line":11,"column":31}},"8":{"start":{"line":12,"column":4},"end":{"line":12,"column":62}},"9":{"start":{"line":13,"column":4},"end":{"line":13,"column":11}},"10":{"start":{"line":20,"column":0},"end":{"line":71,"column":3}},"11":{"start":{"line":21,"column":4},"end":{"line":70,"column":5}},"12":{"start":{"line":22,"column":39},"end":{"line":22,"column":47}},"13":{"start":{"line":23,"column":21},"end":{"line":23,"column":65}},"14":{"start":{"line":24,"column":22},"end":{"line":24,"column":66}},"15":{"start":{"line":25,"column":28},"end":{"line":25,"column":79}},"16":{"start":{"line":27,"column":8},"end":{"line":66,"column":9}},"17":{"start":{"line":28,"column":12},"end":{"line":28,"column":50}},"18":{"start":{"line":29,"column":27},"end":{"line":29,"column":29}},"19":{"start":{"line":30,"column":12},"end":{"line":32,"column":13}},"20":{"start":{"line":30,"column":24},"end":{"line":30,"column":25}},"21":{"start":{"line":31,"column":16},"end":{"line":31,"column":47}},"22":{"start":{"line":34,"column":29},"end":{"line":39,"column":13}},"23":{"start":{"line":41,"column":33},"end":{"line":41,"column":65}},"24":{"start":{"line":43,"column":12},"end":{"line":47,"column":13}},"25":{"start":{"line":44,"column":16},"end":{"line":44,"column":42}},"26":{"start":{"line":46,"column":16},"end":{"line":46,"column":84}},"27":{"start":{"line":49,"column":12},"end":{"line":49,"column":46}},"28":{"start":{"line":50,"column":29},"end":{"line":50,"column":37}},"29":{"start":{"line":51,"column":34},"end":{"line":51,"column":51}},"30":{"start":{"line":53,"column":12},"end":{"line":55,"column":13}},"31":{"start":{"line":53,"column":24},"end":{"line":53,"column":25}},"32":{"start":{"line":54,"column":16},"end":{"line":54,"column":52}},"33":{"start":{"line":57,"column":12},"end":{"line":57,"column":46}},"34":{"start":{"line":58,"column":12},"end":{"line":58,"column":87}},"35":{"start":{"line":60,"column":33},"end":{"line":60,"column":69}},"36":{"start":{"line":61,"column":12},"end":{"line":65,"column":13}},"37":{"start":{"line":62,"column":16},"end":{"line":62,"column":42}},"38":{"start":{"line":64,"column":16},"end":{"line":64,"column":84}},"39":{"start":{"line":68,"column":8},"end":{"line":68,"column":23}},"40":{"start":{"line":69,"column":8},"end":{"line":69,"column":16}},"41":{"start":{"line":73,"column":0},"end":{"line":88,"column":3}},"42":{"start":{"line":74,"column":4},"end":{"line":87,"column":5}},"43":{"start":{"line":75,"column":22},"end":{"line":75,"column":61}},"44":{"start":{"line":76,"column":8},"end":{"line":76,"column":31}},"45":{"start":{"line":78,"column":29},"end":{"line":78,"column":62}},"46":{"start":{"line":79,"column":8},"end":{"line":83,"column":9}},"47":{"start":{"line":80,"column":12},"end":{"line":80,"column":34}},"48":{"start":{"line":82,"column":12},"end":{"line":82,"column":80}},"49":{"start":{"line":86,"column":8},"end":{"line":86,"column":16}},"50":{"start":{"line":90,"column":0},"end":{"line":105,"column":3}},"51":{"start":{"line":91,"column":2},"end":{"line":104,"column":3}},"52":{"start":{"line":92,"column":6},"end":{"line":94,"column":7}},"53":{"start":{"line":93,"column":10},"end":{"line":93,"column":46}},"54":{"start":{"line":95,"column":6},"end":{"line":101,"column":7}},"55":{"start":{"line":96,"column":25},"end":{"line":96,"column":49}},"56":{"start":{"line":97,"column":10},"end":{"line":97,"column":27}},"57":{"start":{"line":99,"column":25},"end":{"line":99,"column":69}},"58":{"start":{"line":100,"column":10},"end":{"line":100,"column":27}},"59":{"start":{"line":103,"column":6},"end":{"line":103,"column":14}},"60":{"start":{"line":108,"column":0},"end":{"line":130,"column":3}},"61":{"start":{"line":109,"column":4},"end":{"line":129,"column":5}},"62":{"start":{"line":110,"column":8},"end":{"line":112,"column":9}},"63":{"start":{"line":111,"column":12},"end":{"line":111,"column":48}},"64":{"start":{"line":113,"column":24},"end":{"line":113,"column":37}},"65":{"start":{"line":114,"column":8},"end":{"line":114,"column":29}},"66":{"start":{"line":115,"column":22},"end":{"line":115,"column":54}},"67":{"start":{"line":116,"column":8},"end":{"line":118,"column":9}},"68":{"start":{"line":117,"column":12},"end":{"line":117,"column":48}},"69":{"start":{"line":120,"column":8},"end":{"line":124,"column":9}},"70":{"start":{"line":121,"column":12},"end":{"line":123,"column":13}},"71":{"start":{"line":122,"column":16},"end":{"line":122,"column":52}},"72":{"start":{"line":126,"column":8},"end":{"line":126,"column":24}},"73":{"start":{"line":128,"column":8},"end":{"line":128,"column":16}},"74":{"start":{"line":145,"column":0},"end":{"line":145,"column":24}},"75":{"start":{"line":147,"column":0},"end":{"line":147,"column":24}}},"fnMap":{"0":{"name":"(anonymous_0)","decl":{"start":{"line":10,"column":11},"end":{"line":10,"column":12}},"loc":{"start":{"line":10,"column":37},"end":{"line":14,"column":1}},"line":10},"1":{"name":"(anonymous_1)","decl":{"start":{"line":20,"column":23},"end":{"line":20,"column":24}},"loc":{"start":{"line":20,"column":49},"end":{"line":71,"column":1}},"line":20},"2":{"name":"(anonymous_2)","decl":{"start":{"line":73,"column":25},"end":{"line":73,"column":26}},"loc":{"start":{"line":73,"column":51},"end":{"line":88,"column":1}},"line":73},"3":{"name":"(anonymous_3)","decl":{"start":{"line":90,"column":16},"end":{"line":90,"column":17}},"loc":{"start":{"line":90,"column":42},"end":{"line":105,"column":1}},"line":90},"4":{"name":"(anonymous_4)","decl":{"start":{"line":108,"column":19},"end":{"line":108,"column":20}},"loc":{"start":{"line":108,"column":45},"end":{"line":130,"column":1}},"line":108}},"branchMap":{"0":{"loc":{"start":{"line":27,"column":8},"end":{"line":66,"column":9}},"type":"if","locations":[{"start":{"line":27,"column":8},"end":{"line":66,"column":9}},{"start":{"line":27,"column":8},"end":{"line":66,"column":9}}],"line":27},"1":{"loc":{"start":{"line":43,"column":12},"end":{"line":47,"column":13}},"type":"if","locations":[{"start":{"line":43,"column":12},"end":{"line":47,"column":13}},{"start":{"line":43,"column":12},"end":{"line":47,"column":13}}],"line":43},"2":{"loc":{"start":{"line":61,"column":12},"end":{"line":65,"column":13}},"type":"if","locations":[{"start":{"line":61,"column":12},"end":{"line":65,"column":13}},{"start":{"line":61,"column":12},"end":{"line":65,"column":13}}],"line":61},"3":{"loc":{"start":{"line":79,"column":8},"end":{"line":83,"column":9}},"type":"if","locations":[{"start":{"line":79,"column":8},"end":{"line":83,"column":9}},{"start":{"line":79,"column":8},"end":{"line":83,"column":9}}],"line":79},"4":{"loc":{"start":{"line":92,"column":6},"end":{"line":94,"column":7}},"type":"if","locations":[{"start":{"line":92,"column":6},"end":{"line":94,"column":7}},{"start":{"line":92,"column":6},"end":{"line":94,"column":7}}],"line":92},"5":{"loc":{"start":{"line":95,"column":6},"end":{"line":101,"column":7}},"type":"if","locations":[{"start":{"line":95,"column":6},"end":{"line":101,"column":7}},{"start":{"line":95,"column":6},"end":{"line":101,"column":7}}],"line":95},"6":{"loc":{"start":{"line":110,"column":8},"end":{"line":112,"column":9}},"type":"if","locations":[{"start":{"line":110,"column":8},"end":{"line":112,"column":9}},{"start":{"line":110,"column":8},"end":{"line":112,"column":9}}],"line":110},"7":{"loc":{"start":{"line":116,"column":8},"end":{"line":118,"column":9}},"type":"if","locations":[{"start":{"line":116,"column":8},"end":{"line":118,"column":9}},{"start":{"line":116,"column":8},"end":{"line":118,"column":9}}],"line":116},"8":{"loc":{"start":{"line":120,"column":8},"end":{"line":124,"column":9}},"type":"if","locations":[{"start":{"line":120,"column":8},"end":{"line":124,"column":9}},{"start":{"line":120,"column":8},"end":{"line":124,"column":9}}],"line":120},"9":{"loc":{"start":{"line":121,"column":12},"end":{"line":123,"column":13}},"type":"if","locations":[{"start":{"line":121,"column":12},"end":{"line":123,"column":13}},{"start":{"line":121,"column":12},"end":{"line":123,"column":13}}],"line":121}},"s":{"0":1,"1":1,"2":1,"3":1,"4":1,"5":1,"6":1,"7":0,"8":0,"9":0,"10":1,"11":0,"12":0,"13":0,"14":0,"15":0,"16":0,"17":0,"18":0,"19":0,"20":0,"21":0,"22":0,"23":0,"24":0,"25":0,"26":0,"27":0,"28":0,"29":0,"30":0,"31":0,"32":0,"33":0,"34":0,"35":0,"36":0,"37":0,"38":0,"39":0,"40":0,"41":1,"42":0,"43":0,"44":0,"45":0,"46":0,"47":0,"48":0,"49":0,"50":1,"51":0,"52":0,"53":0,"54":0,"55":0,"56":0,"57":0,"58":0,"59":0,"60":1,"61":0,"62":0,"63":0,"64":0,"65":0,"66":0,"67":0,"68":0,"69":0,"70":0,"71":0,"72":0,"73":0,"74":1,"75":1},"f":{"0":0,"1":0,"2":0,"3":0,"4":0},"b":{"0":[0,0],"1":[0,0],"2":[0,0],"3":[0,0],"4":[0,0],"5":[0,0],"6":[0,0],"7":[0,0],"8":[0,0],"9":[0,0]},"_coverageSchema":"1a1c01bbd47fc00a2c39e90264f33305004495a9","hash":"14c61a74bac305b2d8983b2347c6568f7dc887fe"}
,"C:\\Users\\Alex\\Documents\\Alex\\2020 - 2029\\2021\\JavaScript-330B\\ShopLifters\\routes\\product.js": {"path":"C:\\Users\\Alex\\Documents\\Alex\\2020 - 2029\\2021\\JavaScript-330B\\ShopLifters\\routes\\product.js","statementMap":{"0":{"start":{"line":1,"column":19},"end":{"line":1,"column":37}},"1":{"start":{"line":2,"column":15},"end":{"line":2,"column":23}},"2":{"start":{"line":3,"column":19},"end":{"line":3,"column":45}},"3":{"start":{"line":4,"column":21},"end":{"line":4,"column":57}},"4":{"start":{"line":6,"column":0},"end":{"line":9,"column":3}},"5":{"start":{"line":7,"column":2},"end":{"line":7,"column":59}},"6":{"start":{"line":8,"column":2},"end":{"line":8,"column":9}},"7":{"start":{"line":12,"column":0},"end":{"line":31,"column":3}},"8":{"start":{"line":13,"column":2},"end":{"line":30,"column":3}},"9":{"start":{"line":14,"column":4},"end":{"line":16,"column":5}},"10":{"start":{"line":15,"column":6},"end":{"line":15,"column":42}},"11":{"start":{"line":17,"column":4},"end":{"line":19,"column":5}},"12":{"start":{"line":18,"column":6},"end":{"line":18,"column":38}},"13":{"start":{"line":20,"column":21},"end":{"line":20,"column":41}},"14":{"start":{"line":21,"column":20},"end":{"line":21,"column":55}},"15":{"start":{"line":22,"column":4},"end":{"line":24,"column":5}},"16":{"start":{"line":23,"column":6},"end":{"line":23,"column":40}},"17":{"start":{"line":25,"column":20},"end":{"line":25,"column":58}},"18":{"start":{"line":26,"column":4},"end":{"line":26,"column":22}},"19":{"start":{"line":29,"column":4},"end":{"line":29,"column":12}},"20":{"start":{"line":33,"column":0},"end":{"line":48,"column":3}},"21":{"start":{"line":35,"column":2},"end":{"line":47,"column":3}},"22":{"start":{"line":36,"column":22},"end":{"line":36,"column":38}},"23":{"start":{"line":38,"column":4},"end":{"line":43,"column":5}},"24":{"start":{"line":39,"column":6},"end":{"line":39,"column":32}},"25":{"start":{"line":41,"column":21},"end":{"line":41,"column":66}},"26":{"start":{"line":42,"column":6},"end":{"line":42,"column":61}},"27":{"start":{"line":46,"column":4},"end":{"line":46,"column":36}},"28":{"start":{"line":51,"column":0},"end":{"line":58,"column":3}},"29":{"start":{"line":52,"column":2},"end":{"line":57,"column":3}},"30":{"start":{"line":53,"column":19},"end":{"line":53,"column":52}},"31":{"start":{"line":54,"column":4},"end":{"line":54,"column":59}},"32":{"start":{"line":56,"column":4},"end":{"line":56,"column":36}},"33":{"start":{"line":61,"column":0},"end":{"line":72,"column":2}},"34":{"start":{"line":62,"column":2},"end":{"line":70,"column":3}},"35":{"start":{"line":63,"column":23},"end":{"line":63,"column":31}},"36":{"start":{"line":64,"column":20},"end":{"line":64,"column":62}},"37":{"start":{"line":65,"column":4},"end":{"line":67,"column":5}},"38":{"start":{"line":66,"column":6},"end":{"line":66,"column":24}},"39":{"start":{"line":69,"column":4},"end":{"line":69,"column":11}},"40":{"start":{"line":75,"column":0},"end":{"line":85,"column":3}},"41":{"start":{"line":76,"column":2},"end":{"line":84,"column":3}},"42":{"start":{"line":77,"column":29},"end":{"line":77,"column":84}},"43":{"start":{"line":78,"column":6},"end":{"line":80,"column":7}},"44":{"start":{"line":79,"column":8},"end":{"line":79,"column":33}},"45":{"start":{"line":83,"column":4},"end":{"line":83,"column":12}},"46":{"start":{"line":87,"column":0},"end":{"line":87,"column":25}},"47":{"start":{"line":89,"column":0},"end":{"line":89,"column":24}}},"fnMap":{"0":{"name":"(anonymous_0)","decl":{"start":{"line":6,"column":11},"end":{"line":6,"column":12}},"loc":{"start":{"line":6,"column":37},"end":{"line":9,"column":1}},"line":6},"1":{"name":"(anonymous_1)","decl":{"start":{"line":12,"column":22},"end":{"line":12,"column":23}},"loc":{"start":{"line":12,"column":48},"end":{"line":31,"column":1}},"line":12},"2":{"name":"(anonymous_2)","decl":{"start":{"line":33,"column":22},"end":{"line":33,"column":23}},"loc":{"start":{"line":33,"column":48},"end":{"line":48,"column":1}},"line":33},"3":{"name":"(anonymous_3)","decl":{"start":{"line":51,"column":16},"end":{"line":51,"column":17}},"loc":{"start":{"line":51,"column":42},"end":{"line":58,"column":1}},"line":51},"4":{"name":"(anonymous_4)","decl":{"start":{"line":61,"column":17},"end":{"line":61,"column":18}},"loc":{"start":{"line":61,"column":43},"end":{"line":72,"column":1}},"line":61},"5":{"name":"(anonymous_5)","decl":{"start":{"line":75,"column":19},"end":{"line":75,"column":20}},"loc":{"start":{"line":75,"column":45},"end":{"line":85,"column":1}},"line":75}},"branchMap":{"0":{"loc":{"start":{"line":14,"column":4},"end":{"line":16,"column":5}},"type":"if","locations":[{"start":{"line":14,"column":4},"end":{"line":16,"column":5}},{"start":{"line":14,"column":4},"end":{"line":16,"column":5}}],"line":14},"1":{"loc":{"start":{"line":17,"column":4},"end":{"line":19,"column":5}},"type":"if","locations":[{"start":{"line":17,"column":4},"end":{"line":19,"column":5}},{"start":{"line":17,"column":4},"end":{"line":19,"column":5}}],"line":17},"2":{"loc":{"start":{"line":22,"column":4},"end":{"line":24,"column":5}},"type":"if","locations":[{"start":{"line":22,"column":4},"end":{"line":24,"column":5}},{"start":{"line":22,"column":4},"end":{"line":24,"column":5}}],"line":22},"3":{"loc":{"start":{"line":38,"column":4},"end":{"line":43,"column":5}},"type":"if","locations":[{"start":{"line":38,"column":4},"end":{"line":43,"column":5}},{"start":{"line":38,"column":4},"end":{"line":43,"column":5}}],"line":38},"4":{"loc":{"start":{"line":65,"column":4},"end":{"line":67,"column":5}},"type":"if","locations":[{"start":{"line":65,"column":4},"end":{"line":67,"column":5}},{"start":{"line":65,"column":4},"end":{"line":67,"column":5}}],"line":65},"5":{"loc":{"start":{"line":78,"column":6},"end":{"line":80,"column":7}},"type":"if","locations":[{"start":{"line":78,"column":6},"end":{"line":80,"column":7}},{"start":{"line":78,"column":6},"end":{"line":80,"column":7}}],"line":78}},"s":{"0":1,"1":1,"2":1,"3":1,"4":1,"5":0,"6":0,"7":1,"8":0,"9":0,"10":0,"11":0,"12":0,"13":0,"14":0,"15":0,"16":0,"17":0,"18":0,"19":0,"20":1,"21":0,"22":0,"23":0,"24":0,"25":0,"26":0,"27":0,"28":1,"29":0,"30":0,"31":0,"32":0,"33":1,"34":0,"35":0,"36":0,"37":0,"38":0,"39":0,"40":1,"41":0,"42":0,"43":0,"44":0,"45":0,"46":1,"47":1},"f":{"0":0,"1":0,"2":0,"3":0,"4":0,"5":0},"b":{"0":[0,0],"1":[0,0],"2":[0,0],"3":[0,0],"4":[0,0],"5":[0,0]},"_coverageSchema":"1a1c01bbd47fc00a2c39e90264f33305004495a9","hash":"fdf99b612204e7792c72a2eeda63145dda7b7f7a"}
,"C:\\Users\\Alex\\Documents\\Alex\\2020 - 2029\\2021\\JavaScript-330B\\ShopLifters\\routes\\resetPassword.js": {"path":"C:\\Users\\Alex\\Documents\\Alex\\2020 - 2029\\2021\\JavaScript-330B\\ShopLifters\\routes\\resetPassword.js","statementMap":{"0":{"start":{"line":1,"column":16},"end":{"line":1,"column":34}},"1":{"start":{"line":2,"column":15},"end":{"line":2,"column":31}},"2":{"start":{"line":4,"column":23},"end":{"line":4,"column":55}},"3":{"start":{"line":6,"column":0},"end":{"line":6,"column":43}},"4":{"start":{"line":7,"column":0},"end":{"line":7,"column":57}},"5":{"start":{"line":9,"column":0},"end":{"line":9,"column":24}}},"fnMap":{},"branchMap":{},"s":{"0":1,"1":1,"2":1,"3":1,"4":1,"5":1},"f":{},"b":{},"_coverageSchema":"1a1c01bbd47fc00a2c39e90264f33305004495a9","hash":"387af6a57aa5df6b1ac00cc709fb8e66d6386709"}
,"C:\\Users\\Alex\\Documents\\Alex\\2020 - 2029\\2021\\JavaScript-330B\\ShopLifters\\routes\\signout.js": {"path":"C:\\Users\\Alex\\Documents\\Alex\\2020 - 2029\\2021\\JavaScript-330B\\ShopLifters\\routes\\signout.js","statementMap":{"0":{"start":{"line":1,"column":19},"end":{"line":1,"column":37}},"1":{"start":{"line":2,"column":15},"end":{"line":2,"column":23}},"2":{"start":{"line":3,"column":21},"end":{"line":3,"column":57}},"3":{"start":{"line":5,"column":0},"end":{"line":8,"column":3}},"4":{"start":{"line":6,"column":2},"end":{"line":6,"column":59}},"5":{"start":{"line":7,"column":2},"end":{"line":7,"column":9}},"6":{"start":{"line":10,"column":0},"end":{"line":18,"column":3}},"7":{"start":{"line":11,"column":4},"end":{"line":17,"column":5}},"8":{"start":{"line":12,"column":20},"end":{"line":12,"column":52}},"9":{"start":{"line":13,"column":8},"end":{"line":13,"column":34}},"10":{"start":{"line":14,"column":8},"end":{"line":14,"column":40}},"11":{"start":{"line":16,"column":6},"end":{"line":16,"column":38}},"12":{"start":{"line":20,"column":0},"end":{"line":20,"column":25}},"13":{"start":{"line":22,"column":0},"end":{"line":22,"column":24}}},"fnMap":{"0":{"name":"(anonymous_0)","decl":{"start":{"line":5,"column":11},"end":{"line":5,"column":12}},"loc":{"start":{"line":5,"column":37},"end":{"line":8,"column":1}},"line":5},"1":{"name":"(anonymous_1)","decl":{"start":{"line":10,"column":16},"end":{"line":10,"column":17}},"loc":{"start":{"line":10,"column":42},"end":{"line":18,"column":1}},"line":10}},"branchMap":{},"s":{"0":1,"1":1,"2":1,"3":1,"4":0,"5":0,"6":1,"7":0,"8":0,"9":0,"10":0,"11":0,"12":1,"13":1},"f":{"0":0,"1":0},"b":{},"_coverageSchema":"1a1c01bbd47fc00a2c39e90264f33305004495a9","hash":"254873d5af8b2a60b049980ca64bf00242f29b9b"}
,"C:\\Users\\Alex\\Documents\\Alex\\2020 - 2029\\2021\\JavaScript-330B\\ShopLifters\\routes\\signup.js": {"path":"C:\\Users\\Alex\\Documents\\Alex\\2020 - 2029\\2021\\JavaScript-330B\\ShopLifters\\routes\\signup.js","statementMap":{"0":{"start":{"line":1,"column":16},"end":{"line":1,"column":34}},"1":{"start":{"line":2,"column":15},"end":{"line":2,"column":31}},"2":{"start":{"line":4,"column":25},"end":{"line":4,"column":49}},"3":{"start":{"line":6,"column":0},"end":{"line":9,"column":3}},"4":{"start":{"line":7,"column":4},"end":{"line":7,"column":71}},"5":{"start":{"line":8,"column":4},"end":{"line":8,"column":11}},"6":{"start":{"line":11,"column":0},"end":{"line":11,"column":54}},"7":{"start":{"line":13,"column":0},"end":{"line":13,"column":24}}},"fnMap":{"0":{"name":"(anonymous_0)","decl":{"start":{"line":6,"column":11},"end":{"line":6,"column":12}},"loc":{"start":{"line":6,"column":37},"end":{"line":9,"column":1}},"line":6}},"branchMap":{},"s":{"0":1,"1":1,"2":1,"3":1,"4":0,"5":0,"6":1,"7":1},"f":{"0":0},"b":{},"_coverageSchema":"1a1c01bbd47fc00a2c39e90264f33305004495a9","hash":"e66afef34907b614d08813558e0214de945a113a"}
}
