{"C:\\Users\\Alex\\Documents\\Alex\\2020 - 2029\\2021\\JavaScript-330B\\ShopLifters\\server.js": {"path":"C:\\Users\\Alex\\Documents\\Alex\\2020 - 2029\\2021\\JavaScript-330B\\ShopLifters\\server.js","statementMap":{"0":{"start":{"line":1,"column":16},"end":{"line":1,"column":34}},"1":{"start":{"line":2,"column":24},"end":{"line":2,"column":51}},"2":{"start":{"line":4,"column":15},"end":{"line":4,"column":34}},"3":{"start":{"line":6,"column":15},"end":{"line":6,"column":24}},"4":{"start":{"line":7,"column":0},"end":{"line":7,"column":45}},"5":{"start":{"line":8,"column":0},"end":{"line":8,"column":38}},"6":{"start":{"line":10,"column":0},"end":{"line":10,"column":27}},"7":{"start":{"line":12,"column":0},"end":{"line":12,"column":37}},"8":{"start":{"line":13,"column":0},"end":{"line":13,"column":19}},"9":{"start":{"line":15,"column":0},"end":{"line":15,"column":24}}},"fnMap":{},"branchMap":{},"s":{"0":1,"1":1,"2":1,"3":1,"4":1,"5":1,"6":1,"7":1,"8":1,"9":1},"f":{},"b":{},"_coverageSchema":"1a1c01bbd47fc00a2c39e90264f33305004495a9","hash":"8c790de7c304eca7f9b722ea6155c5fece02b1f0"}
,"C:\\Users\\Alex\\Documents\\Alex\\2020 - 2029\\2021\\JavaScript-330B\\ShopLifters\\test-utils.js": {"path":"C:\\Users\\Alex\\Documents\\Alex\\2020 - 2029\\2021\\JavaScript-330B\\ShopLifters\\test-utils.js","statementMap":{"0":{"start":{"line":1,"column":17},"end":{"line":1,"column":36}},"1":{"start":{"line":2,"column":15},"end":{"line":2,"column":98}},"2":{"start":{"line":4,"column":0},"end":{"line":4,"column":20}},"3":{"start":{"line":6,"column":0},"end":{"line":14,"column":1}},"4":{"start":{"line":7,"column":2},"end":{"line":12,"column":5}},"5":{"start":{"line":13,"column":2},"end":{"line":13,"column":54}},"6":{"start":{"line":13,"column":36},"end":{"line":13,"column":51}},"7":{"start":{"line":16,"column":0},"end":{"line":18,"column":1}},"8":{"start":{"line":17,"column":2},"end":{"line":17,"column":30}},"9":{"start":{"line":20,"column":0},"end":{"line":22,"column":1}},"10":{"start":{"line":21,"column":2},"end":{"line":21,"column":60}},"11":{"start":{"line":21,"column":40},"end":{"line":21,"column":58}}},"fnMap":{"0":{"name":"(anonymous_0)","decl":{"start":{"line":6,"column":27},"end":{"line":6,"column":28}},"loc":{"start":{"line":6,"column":39},"end":{"line":14,"column":1}},"line":6},"1":{"name":"(anonymous_1)","decl":{"start":{"line":13,"column":31},"end":{"line":13,"column":32}},"loc":{"start":{"line":13,"column":36},"end":{"line":13,"column":51}},"line":13},"2":{"name":"(anonymous_2)","decl":{"start":{"line":16,"column":24},"end":{"line":16,"column":25}},"loc":{"start":{"line":16,"column":36},"end":{"line":18,"column":1}},"line":16},"3":{"name":"(anonymous_3)","decl":{"start":{"line":20,"column":25},"end":{"line":20,"column":26}},"loc":{"start":{"line":20,"column":37},"end":{"line":22,"column":1}},"line":20},"4":{"name":"(anonymous_4)","decl":{"start":{"line":21,"column":31},"end":{"line":21,"column":32}},"loc":{"start":{"line":21,"column":40},"end":{"line":21,"column":58}},"line":21}},"branchMap":{},"s":{"0":1,"1":1,"2":1,"3":1,"4":1,"5":1,"6":3,"7":1,"8":1,"9":1,"10":8,"11":24},"f":{"0":1,"1":3,"2":1,"3":8,"4":24},"b":{},"_coverageSchema":"1a1c01bbd47fc00a2c39e90264f33305004495a9","hash":"cc360310f1c6e98249d969c9b4c655ab9ed5322b"}
,"C:\\Users\\Alex\\Documents\\Alex\\2020 - 2029\\2021\\JavaScript-330B\\ShopLifters\\daos\\users.js": {"path":"C:\\Users\\Alex\\Documents\\Alex\\2020 - 2029\\2021\\JavaScript-330B\\ShopLifters\\daos\\users.js","statementMap":{"0":{"start":{"line":1,"column":15},"end":{"line":1,"column":32}},"1":{"start":{"line":2,"column":26},"end":{"line":2,"column":52}},"2":{"start":{"line":4,"column":0},"end":{"line":4,"column":20}},"3":{"start":{"line":6,"column":0},"end":{"line":13,"column":1}},"4":{"start":{"line":7,"column":2},"end":{"line":12,"column":3}},"5":{"start":{"line":8,"column":25},"end":{"line":8,"column":83}},"6":{"start":{"line":9,"column":4},"end":{"line":9,"column":24}},"7":{"start":{"line":11,"column":4},"end":{"line":11,"column":12}},"8":{"start":{"line":15,"column":0},"end":{"line":22,"column":1}},"9":{"start":{"line":16,"column":2},"end":{"line":21,"column":3}},"10":{"start":{"line":17,"column":25},"end":{"line":17,"column":79}},"11":{"start":{"line":18,"column":4},"end":{"line":18,"column":24}},"12":{"start":{"line":20,"column":4},"end":{"line":20,"column":12}},"13":{"start":{"line":24,"column":0},"end":{"line":70,"column":2}},"14":{"start":{"line":25,"column":2},"end":{"line":69,"column":3}},"15":{"start":{"line":27,"column":4},"end":{"line":27,"column":40}},"16":{"start":{"line":28,"column":68},"end":{"line":28,"column":76}},"17":{"start":{"line":30,"column":4},"end":{"line":36,"column":5}},"18":{"start":{"line":35,"column":6},"end":{"line":35,"column":43}},"19":{"start":{"line":38,"column":15},"end":{"line":38,"column":39}},"20":{"start":{"line":39,"column":15},"end":{"line":39,"column":48}},"21":{"start":{"line":40,"column":4},"end":{"line":40,"column":20}},"22":{"start":{"line":42,"column":16},"end":{"line":42,"column":40}},"23":{"start":{"line":43,"column":16},"end":{"line":43,"column":57}},"24":{"start":{"line":44,"column":4},"end":{"line":44,"column":28}},"25":{"start":{"line":46,"column":17},"end":{"line":52,"column":5}},"26":{"start":{"line":54,"column":22},"end":{"line":54,"column":76}},"27":{"start":{"line":55,"column":4},"end":{"line":64,"column":5}},"28":{"start":{"line":56,"column":6},"end":{"line":56,"column":39}},"29":{"start":{"line":58,"column":26},"end":{"line":58,"column":62}},"30":{"start":{"line":59,"column":6},"end":{"line":63,"column":7}},"31":{"start":{"line":60,"column":8},"end":{"line":60,"column":43}},"32":{"start":{"line":62,"column":8},"end":{"line":62,"column":49}},"33":{"start":{"line":68,"column":4},"end":{"line":68,"column":12}}},"fnMap":{"0":{"name":"(anonymous_0)","decl":{"start":{"line":6,"column":32},"end":{"line":6,"column":33}},"loc":{"start":{"line":6,"column":53},"end":{"line":13,"column":1}},"line":6},"1":{"name":"(anonymous_1)","decl":{"start":{"line":15,"column":29},"end":{"line":15,"column":30}},"loc":{"start":{"line":15,"column":47},"end":{"line":22,"column":1}},"line":15},"2":{"name":"(anonymous_2)","decl":{"start":{"line":24,"column":30},"end":{"line":24,"column":31}},"loc":{"start":{"line":24,"column":56},"end":{"line":70,"column":1}},"line":24}},"branchMap":{"0":{"loc":{"start":{"line":30,"column":4},"end":{"line":36,"column":5}},"type":"if","locations":[{"start":{"line":30,"column":4},"end":{"line":36,"column":5}},{"start":{"line":30,"column":4},"end":{"line":36,"column":5}}],"line":30},"1":{"loc":{"start":{"line":30,"column":8},"end":{"line":33,"column":37}},"type":"binary-expr","locations":[{"start":{"line":30,"column":8},"end":{"line":30,"column":14}},{"start":{"line":30,"column":18},"end":{"line":30,"column":27}},{"start":{"line":30,"column":31},"end":{"line":30,"column":41}},{"start":{"line":30,"column":45},"end":{"line":30,"column":54}},{"start":{"line":30,"column":58},"end":{"line":30,"column":74}},{"start":{"line":31,"column":9},"end":{"line":31,"column":27}},{"start":{"line":31,"column":31},"end":{"line":31,"column":52}},{"start":{"line":32,"column":9},"end":{"line":32,"column":31}},{"start":{"line":32,"column":35},"end":{"line":32,"column":56}},{"start":{"line":33,"column":9},"end":{"line":33,"column":37}}],"line":30},"2":{"loc":{"start":{"line":55,"column":4},"end":{"line":64,"column":5}},"type":"if","locations":[{"start":{"line":55,"column":4},"end":{"line":64,"column":5}},{"start":{"line":55,"column":4},"end":{"line":64,"column":5}}],"line":55},"3":{"loc":{"start":{"line":59,"column":6},"end":{"line":63,"column":7}},"type":"if","locations":[{"start":{"line":59,"column":6},"end":{"line":63,"column":7}},{"start":{"line":59,"column":6},"end":{"line":63,"column":7}}],"line":59}},"s":{"0":1,"1":1,"2":1,"3":1,"4":5,"5":5,"6":5,"7":0,"8":1,"9":0,"10":0,"11":0,"12":0,"13":1,"14":12,"15":12,"16":12,"17":12,"18":0,"19":12,"20":12,"21":12,"22":12,"23":12,"24":12,"25":12,"26":12,"27":12,"28":0,"29":12,"30":12,"31":12,"32":0,"33":0},"f":{"0":5,"1":0,"2":12},"b":{"0":[0,12],"1":[12,12,12,12,12,12,12,12,12,12],"2":[0,12],"3":[12,0]},"_coverageSchema":"1a1c01bbd47fc00a2c39e90264f33305004495a9","hash":"77d70e4e527cc3e02158de0bbb6427ba25ec33c9"}
,"C:\\Users\\Alex\\Documents\\Alex\\2020 - 2029\\2021\\JavaScript-330B\\ShopLifters\\middleware\\ErrorReport.js": {"path":"C:\\Users\\Alex\\Documents\\Alex\\2020 - 2029\\2021\\JavaScript-330B\\ShopLifters\\middleware\\ErrorReport.js","statementMap":{"0":{"start":{"line":1,"column":21},"end":{"line":32,"column":3}},"1":{"start":{"line":2,"column":4},"end":{"line":2,"column":21}},"2":{"start":{"line":3,"column":4},"end":{"line":31,"column":5}},"3":{"start":{"line":4,"column":8},"end":{"line":4,"column":52}},"4":{"start":{"line":5,"column":11},"end":{"line":31,"column":5}},"5":{"start":{"line":8,"column":12},"end":{"line":8,"column":57}},"6":{"start":{"line":9,"column":11},"end":{"line":31,"column":5}},"7":{"start":{"line":10,"column":8},"end":{"line":10,"column":47}},"8":{"start":{"line":11,"column":11},"end":{"line":31,"column":5}},"9":{"start":{"line":12,"column":8},"end":{"line":12,"column":53}},"10":{"start":{"line":13,"column":11},"end":{"line":31,"column":5}},"11":{"start":{"line":14,"column":8},"end":{"line":14,"column":46}},"12":{"start":{"line":15,"column":11},"end":{"line":31,"column":5}},"13":{"start":{"line":16,"column":8},"end":{"line":16,"column":51}},"14":{"start":{"line":17,"column":11},"end":{"line":31,"column":5}},"15":{"start":{"line":18,"column":8},"end":{"line":18,"column":48}},"16":{"start":{"line":19,"column":11},"end":{"line":31,"column":5}},"17":{"start":{"line":20,"column":8},"end":{"line":20,"column":49}},"18":{"start":{"line":21,"column":11},"end":{"line":31,"column":5}},"19":{"start":{"line":23,"column":12},"end":{"line":23,"column":59}},"20":{"start":{"line":24,"column":11},"end":{"line":31,"column":5}},"21":{"start":{"line":28,"column":12},"end":{"line":28,"column":53}},"22":{"start":{"line":30,"column":8},"end":{"line":30,"column":48}},"23":{"start":{"line":35,"column":2},"end":{"line":35,"column":31}}},"fnMap":{"0":{"name":"(anonymous_0)","decl":{"start":{"line":1,"column":21},"end":{"line":1,"column":22}},"loc":{"start":{"line":1,"column":52},"end":{"line":32,"column":3}},"line":1}},"branchMap":{"0":{"loc":{"start":{"line":3,"column":4},"end":{"line":31,"column":5}},"type":"if","locations":[{"start":{"line":3,"column":4},"end":{"line":31,"column":5}},{"start":{"line":3,"column":4},"end":{"line":31,"column":5}}],"line":3},"1":{"loc":{"start":{"line":5,"column":11},"end":{"line":31,"column":5}},"type":"if","locations":[{"start":{"line":5,"column":11},"end":{"line":31,"column":5}},{"start":{"line":5,"column":11},"end":{"line":31,"column":5}}],"line":5},"2":{"loc":{"start":{"line":5,"column":15},"end":{"line":7,"column":58}},"type":"binary-expr","locations":[{"start":{"line":5,"column":15},"end":{"line":5,"column":50}},{"start":{"line":6,"column":11},"end":{"line":6,"column":67}},{"start":{"line":7,"column":11},"end":{"line":7,"column":58}}],"line":5},"3":{"loc":{"start":{"line":9,"column":11},"end":{"line":31,"column":5}},"type":"if","locations":[{"start":{"line":9,"column":11},"end":{"line":31,"column":5}},{"start":{"line":9,"column":11},"end":{"line":31,"column":5}}],"line":9},"4":{"loc":{"start":{"line":11,"column":11},"end":{"line":31,"column":5}},"type":"if","locations":[{"start":{"line":11,"column":11},"end":{"line":31,"column":5}},{"start":{"line":11,"column":11},"end":{"line":31,"column":5}}],"line":11},"5":{"loc":{"start":{"line":13,"column":11},"end":{"line":31,"column":5}},"type":"if","locations":[{"start":{"line":13,"column":11},"end":{"line":31,"column":5}},{"start":{"line":13,"column":11},"end":{"line":31,"column":5}}],"line":13},"6":{"loc":{"start":{"line":15,"column":11},"end":{"line":31,"column":5}},"type":"if","locations":[{"start":{"line":15,"column":11},"end":{"line":31,"column":5}},{"start":{"line":15,"column":11},"end":{"line":31,"column":5}}],"line":15},"7":{"loc":{"start":{"line":17,"column":11},"end":{"line":31,"column":5}},"type":"if","locations":[{"start":{"line":17,"column":11},"end":{"line":31,"column":5}},{"start":{"line":17,"column":11},"end":{"line":31,"column":5}}],"line":17},"8":{"loc":{"start":{"line":19,"column":11},"end":{"line":31,"column":5}},"type":"if","locations":[{"start":{"line":19,"column":11},"end":{"line":31,"column":5}},{"start":{"line":19,"column":11},"end":{"line":31,"column":5}}],"line":19},"9":{"loc":{"start":{"line":21,"column":11},"end":{"line":31,"column":5}},"type":"if","locations":[{"start":{"line":21,"column":11},"end":{"line":31,"column":5}},{"start":{"line":21,"column":11},"end":{"line":31,"column":5}}],"line":21},"10":{"loc":{"start":{"line":21,"column":15},"end":{"line":22,"column":74}},"type":"binary-expr","locations":[{"start":{"line":21,"column":15},"end":{"line":21,"column":60}},{"start":{"line":22,"column":11},"end":{"line":22,"column":74}}],"line":21},"11":{"loc":{"start":{"line":24,"column":11},"end":{"line":31,"column":5}},"type":"if","locations":[{"start":{"line":24,"column":11},"end":{"line":31,"column":5}},{"start":{"line":24,"column":11},"end":{"line":31,"column":5}}],"line":24},"12":{"loc":{"start":{"line":24,"column":15},"end":{"line":27,"column":49}},"type":"binary-expr","locations":[{"start":{"line":24,"column":15},"end":{"line":24,"column":55}},{"start":{"line":25,"column":11},"end":{"line":25,"column":49}},{"start":{"line":26,"column":11},"end":{"line":26,"column":44}},{"start":{"line":27,"column":11},"end":{"line":27,"column":49}}],"line":24}},"s":{"0":1,"1":5,"2":5,"3":0,"4":5,"5":2,"6":3,"7":0,"8":3,"9":0,"10":3,"11":0,"12":3,"13":0,"14":3,"15":0,"16":3,"17":0,"18":3,"19":2,"20":1,"21":1,"22":0,"23":1},"f":{"0":5},"b":{"0":[0,5],"1":[2,3],"2":[5,3,3],"3":[0,3],"4":[0,3],"5":[0,3],"6":[0,3],"7":[0,3],"8":[0,3],"9":[2,1],"10":[3,1],"11":[1,0],"12":[1,1,0,0]},"_coverageSchema":"1a1c01bbd47fc00a2c39e90264f33305004495a9","hash":"97a6b229db717d5d0a25a230551b240def4a8000"}
,"C:\\Users\\Alex\\Documents\\Alex\\2020 - 2029\\2021\\JavaScript-330B\\ShopLifters\\middleware\\auth.js": {"path":"C:\\Users\\Alex\\Documents\\Alex\\2020 - 2029\\2021\\JavaScript-330B\\ShopLifters\\middleware\\auth.js","statementMap":{"0":{"start":{"line":1,"column":12},"end":{"line":1,"column":35}},"1":{"start":{"line":2,"column":0},"end":{"line":2,"column":27}},"2":{"start":{"line":4,"column":24},"end":{"line":27,"column":1}},"3":{"start":{"line":5,"column":4},"end":{"line":26,"column":5}},"4":{"start":{"line":7,"column":23},"end":{"line":7,"column":39}},"5":{"start":{"line":11,"column":8},"end":{"line":23,"column":9}},"6":{"start":{"line":12,"column":26},"end":{"line":12,"column":55}},"7":{"start":{"line":13,"column":25},"end":{"line":13,"column":66}},"8":{"start":{"line":15,"column":12},"end":{"line":20,"column":13}},"9":{"start":{"line":16,"column":16},"end":{"line":16,"column":32}},"10":{"start":{"line":17,"column":16},"end":{"line":17,"column":23}},"11":{"start":{"line":19,"column":16},"end":{"line":19,"column":54}},"12":{"start":{"line":22,"column":12},"end":{"line":22,"column":41}},"13":{"start":{"line":25,"column":8},"end":{"line":25,"column":16}},"14":{"start":{"line":29,"column":16},"end":{"line":40,"column":1}},"15":{"start":{"line":30,"column":4},"end":{"line":39,"column":5}},"16":{"start":{"line":31,"column":21},"end":{"line":31,"column":29}},"17":{"start":{"line":32,"column":8},"end":{"line":36,"column":9}},"18":{"start":{"line":33,"column":12},"end":{"line":33,"column":19}},"19":{"start":{"line":35,"column":12},"end":{"line":35,"column":45}},"20":{"start":{"line":38,"column":8},"end":{"line":38,"column":16}},"21":{"start":{"line":42,"column":0},"end":{"line":45,"column":2}}},"fnMap":{"0":{"name":"(anonymous_0)","decl":{"start":{"line":4,"column":24},"end":{"line":4,"column":25}},"loc":{"start":{"line":4,"column":50},"end":{"line":27,"column":1}},"line":4},"1":{"name":"(anonymous_1)","decl":{"start":{"line":29,"column":16},"end":{"line":29,"column":17}},"loc":{"start":{"line":29,"column":42},"end":{"line":40,"column":1}},"line":29}},"branchMap":{"0":{"loc":{"start":{"line":11,"column":8},"end":{"line":23,"column":9}},"type":"if","locations":[{"start":{"line":11,"column":8},"end":{"line":23,"column":9}},{"start":{"line":11,"column":8},"end":{"line":23,"column":9}}],"line":11},"1":{"loc":{"start":{"line":15,"column":12},"end":{"line":20,"column":13}},"type":"if","locations":[{"start":{"line":15,"column":12},"end":{"line":20,"column":13}},{"start":{"line":15,"column":12},"end":{"line":20,"column":13}}],"line":15},"2":{"loc":{"start":{"line":32,"column":8},"end":{"line":36,"column":9}},"type":"if","locations":[{"start":{"line":32,"column":8},"end":{"line":36,"column":9}},{"start":{"line":32,"column":8},"end":{"line":36,"column":9}}],"line":32}},"s":{"0":1,"1":1,"2":1,"3":0,"4":0,"5":0,"6":0,"7":0,"8":0,"9":0,"10":0,"11":0,"12":0,"13":0,"14":1,"15":0,"16":0,"17":0,"18":0,"19":0,"20":0,"21":1},"f":{"0":0,"1":0},"b":{"0":[0,0],"1":[0,0],"2":[0,0]},"_coverageSchema":"1a1c01bbd47fc00a2c39e90264f33305004495a9","hash":"5f4d04664565d90def2049dda16f4ceb2e14f563"}
,"C:\\Users\\Alex\\Documents\\Alex\\2020 - 2029\\2021\\JavaScript-330B\\ShopLifters\\models\\order.js": {"path":"C:\\Users\\Alex\\Documents\\Alex\\2020 - 2029\\2021\\JavaScript-330B\\ShopLifters\\models\\order.js","statementMap":{"0":{"start":{"line":1,"column":17},"end":{"line":1,"column":36}},"1":{"start":{"line":3,"column":20},"end":{"line":6,"column":2}},"2":{"start":{"line":10,"column":0},"end":{"line":10,"column":55}}},"fnMap":{},"branchMap":{},"s":{"0":1,"1":1,"2":1},"f":{},"b":{},"_coverageSchema":"1a1c01bbd47fc00a2c39e90264f33305004495a9","hash":"fd5aa7f2000fefffebb388b0ac6856b6d1016ec0"}
,"C:\\Users\\Alex\\Documents\\Alex\\2020 - 2029\\2021\\JavaScript-330B\\ShopLifters\\models\\product.js": {"path":"C:\\Users\\Alex\\Documents\\Alex\\2020 - 2029\\2021\\JavaScript-330B\\ShopLifters\\models\\product.js","statementMap":{"0":{"start":{"line":1,"column":17},"end":{"line":1,"column":36}},"1":{"start":{"line":3,"column":22},"end":{"line":10,"column":2}},"2":{"start":{"line":12,"column":0},"end":{"line":12,"column":39}},"3":{"start":{"line":14,"column":0},"end":{"line":14,"column":59}}},"fnMap":{},"branchMap":{},"s":{"0":1,"1":1,"2":1,"3":1},"f":{},"b":{},"_coverageSchema":"1a1c01bbd47fc00a2c39e90264f33305004495a9","hash":"a2e3c1c2a7c80ca808b907649f7d9b06730f5bab"}
,"C:\\Users\\Alex\\Documents\\Alex\\2020 - 2029\\2021\\JavaScript-330B\\ShopLifters\\models\\users.js": {"path":"C:\\Users\\Alex\\Documents\\Alex\\2020 - 2029\\2021\\JavaScript-330B\\ShopLifters\\models\\users.js","statementMap":{"0":{"start":{"line":1,"column":17},"end":{"line":1,"column":36}},"1":{"start":{"line":3,"column":19},"end":{"line":10,"column":2}},"2":{"start":{"line":12,"column":0},"end":{"line":12,"column":36}},"3":{"start":{"line":14,"column":0},"end":{"line":14,"column":53}}},"fnMap":{},"branchMap":{},"s":{"0":1,"1":1,"2":1,"3":1},"f":{},"b":{},"_coverageSchema":"1a1c01bbd47fc00a2c39e90264f33305004495a9","hash":"240df6c41ae40a520995b600ed43a372246399e2"}
,"C:\\Users\\Alex\\Documents\\Alex\\2020 - 2029\\2021\\JavaScript-330B\\ShopLifters\\routes\\index.js": {"path":"C:\\Users\\Alex\\Documents\\Alex\\2020 - 2029\\2021\\JavaScript-330B\\ShopLifters\\routes\\index.js","statementMap":{"0":{"start":{"line":1,"column":19},"end":{"line":1,"column":37}},"1":{"start":{"line":2,"column":15},"end":{"line":2,"column":23}},"2":{"start":{"line":3,"column":0},"end":{"line":3,"column":36}},"3":{"start":{"line":5,"column":13},"end":{"line":5,"column":42}},"4":{"start":{"line":6,"column":21},"end":{"line":6,"column":57}},"5":{"start":{"line":8,"column":0},"end":{"line":10,"column":4}},"6":{"start":{"line":12,"column":0},"end":{"line":12,"column":30}},"7":{"start":{"line":14,"column":0},"end":{"line":17,"column":5}},"8":{"start":{"line":15,"column":4},"end":{"line":15,"column":62}},"9":{"start":{"line":16,"column":4},"end":{"line":16,"column":11}},"10":{"start":{"line":19,"column":0},"end":{"line":21,"column":3}},"11":{"start":{"line":20,"column":2},"end":{"line":20,"column":23}},"12":{"start":{"line":23,"column":0},"end":{"line":23,"column":45}},"13":{"start":{"line":24,"column":0},"end":{"line":24,"column":41}},"14":{"start":{"line":26,"column":0},"end":{"line":32,"column":3}},"15":{"start":{"line":27,"column":2},"end":{"line":31,"column":3}},"16":{"start":{"line":28,"column":4},"end":{"line":28,"column":24}},"17":{"start":{"line":30,"column":4},"end":{"line":30,"column":11}},"18":{"start":{"line":34,"column":0},"end":{"line":36,"column":3}},"19":{"start":{"line":35,"column":2},"end":{"line":35,"column":39}},"20":{"start":{"line":40,"column":0},"end":{"line":40,"column":25}},"21":{"start":{"line":42,"column":0},"end":{"line":42,"column":24}}},"fnMap":{"0":{"name":"(anonymous_0)","decl":{"start":{"line":14,"column":11},"end":{"line":14,"column":12}},"loc":{"start":{"line":14,"column":37},"end":{"line":17,"column":3}},"line":14},"1":{"name":"(anonymous_1)","decl":{"start":{"line":19,"column":21},"end":{"line":19,"column":22}},"loc":{"start":{"line":19,"column":39},"end":{"line":21,"column":1}},"line":19},"2":{"name":"(anonymous_2)","decl":{"start":{"line":26,"column":16},"end":{"line":26,"column":17}},"loc":{"start":{"line":26,"column":36},"end":{"line":32,"column":1}},"line":26},"3":{"name":"(anonymous_3)","decl":{"start":{"line":34,"column":49},"end":{"line":34,"column":50}},"loc":{"start":{"line":34,"column":67},"end":{"line":36,"column":1}},"line":34}},"branchMap":{"0":{"loc":{"start":{"line":27,"column":2},"end":{"line":31,"column":3}},"type":"if","locations":[{"start":{"line":27,"column":2},"end":{"line":31,"column":3}},{"start":{"line":27,"column":2},"end":{"line":31,"column":3}}],"line":27}},"s":{"0":1,"1":1,"2":1,"3":1,"4":1,"5":1,"6":1,"7":1,"8":20,"9":20,"10":1,"11":0,"12":1,"13":1,"14":1,"15":1,"16":0,"17":1,"18":1,"19":0,"20":1,"21":1},"f":{"0":20,"1":0,"2":1,"3":0},"b":{"0":[0,1]},"_coverageSchema":"1a1c01bbd47fc00a2c39e90264f33305004495a9","hash":"4e59c11011b7315cd382c6374da89e91669bf58a"}
,"C:\\Users\\Alex\\Documents\\Alex\\2020 - 2029\\2021\\JavaScript-330B\\ShopLifters\\routes\\login.js": {"path":"C:\\Users\\Alex\\Documents\\Alex\\2020 - 2029\\2021\\JavaScript-330B\\ShopLifters\\routes\\login.js","statementMap":{"0":{"start":{"line":1,"column":19},"end":{"line":1,"column":37}},"1":{"start":{"line":2,"column":15},"end":{"line":2,"column":23}},"2":{"start":{"line":3,"column":15},"end":{"line":3,"column":32}},"3":{"start":{"line":4,"column":12},"end":{"line":4,"column":35}},"4":{"start":{"line":6,"column":0},"end":{"line":6,"column":27}},"5":{"start":{"line":7,"column":15},"end":{"line":7,"column":37}},"6":{"start":{"line":9,"column":16},"end":{"line":9,"column":40}},"7":{"start":{"line":11,"column":0},"end":{"line":14,"column":3}},"8":{"start":{"line":12,"column":4},"end":{"line":12,"column":70}},"9":{"start":{"line":13,"column":4},"end":{"line":13,"column":11}},"10":{"start":{"line":16,"column":0},"end":{"line":18,"column":3}},"11":{"start":{"line":17,"column":4},"end":{"line":17,"column":36}},"12":{"start":{"line":20,"column":0},"end":{"line":52,"column":3}},"13":{"start":{"line":21,"column":4},"end":{"line":51,"column":3}},"14":{"start":{"line":22,"column":34},"end":{"line":22,"column":42}},"15":{"start":{"line":24,"column":8},"end":{"line":26,"column":9}},"16":{"start":{"line":25,"column":12},"end":{"line":25,"column":49}},"17":{"start":{"line":28,"column":21},"end":{"line":28,"column":56}},"18":{"start":{"line":30,"column":8},"end":{"line":48,"column":9}},"19":{"start":{"line":31,"column":12},"end":{"line":31,"column":46}},"20":{"start":{"line":34,"column":29},"end":{"line":34,"column":74}},"21":{"start":{"line":36,"column":12},"end":{"line":47,"column":13}},"22":{"start":{"line":37,"column":33},"end":{"line":43,"column":29}},"23":{"start":{"line":44,"column":16},"end":{"line":44,"column":62}},"24":{"start":{"line":46,"column":16},"end":{"line":46,"column":57}},"25":{"start":{"line":50,"column":4},"end":{"line":50,"column":12}},"26":{"start":{"line":54,"column":0},"end":{"line":54,"column":24}}},"fnMap":{"0":{"name":"(anonymous_0)","decl":{"start":{"line":11,"column":11},"end":{"line":11,"column":12}},"loc":{"start":{"line":11,"column":37},"end":{"line":14,"column":1}},"line":11},"1":{"name":"(anonymous_1)","decl":{"start":{"line":16,"column":16},"end":{"line":16,"column":17}},"loc":{"start":{"line":16,"column":40},"end":{"line":18,"column":1}},"line":16},"2":{"name":"(anonymous_2)","decl":{"start":{"line":20,"column":17},"end":{"line":20,"column":18}},"loc":{"start":{"line":20,"column":43},"end":{"line":52,"column":1}},"line":20}},"branchMap":{"0":{"loc":{"start":{"line":24,"column":8},"end":{"line":26,"column":9}},"type":"if","locations":[{"start":{"line":24,"column":8},"end":{"line":26,"column":9}},{"start":{"line":24,"column":8},"end":{"line":26,"column":9}}],"line":24},"1":{"loc":{"start":{"line":24,"column":12},"end":{"line":24,"column":78}},"type":"binary-expr","locations":[{"start":{"line":24,"column":12},"end":{"line":24,"column":18}},{"start":{"line":24,"column":22},"end":{"line":24,"column":31}},{"start":{"line":24,"column":35},"end":{"line":24,"column":53}},{"start":{"line":24,"column":57},"end":{"line":24,"column":78}}],"line":24},"2":{"loc":{"start":{"line":30,"column":8},"end":{"line":48,"column":9}},"type":"if","locations":[{"start":{"line":30,"column":8},"end":{"line":48,"column":9}},{"start":{"line":30,"column":8},"end":{"line":48,"column":9}}],"line":30},"3":{"loc":{"start":{"line":36,"column":12},"end":{"line":47,"column":13}},"type":"if","locations":[{"start":{"line":36,"column":12},"end":{"line":47,"column":13}},{"start":{"line":36,"column":12},"end":{"line":47,"column":13}}],"line":36}},"s":{"0":1,"1":1,"2":1,"3":1,"4":1,"5":1,"6":1,"7":1,"8":7,"9":7,"10":1,"11":0,"12":1,"13":7,"14":7,"15":7,"16":2,"17":5,"18":5,"19":1,"20":4,"21":4,"22":2,"23":2,"24":2,"25":5,"26":1},"f":{"0":7,"1":0,"2":7},"b":{"0":[2,5],"1":[7,7,5,5],"2":[1,4],"3":[2,2]},"_coverageSchema":"1a1c01bbd47fc00a2c39e90264f33305004495a9","hash":"6a10d13aafdf9dbd2dd93bb6335b090858377929"}
,"C:\\Users\\Alex\\Documents\\Alex\\2020 - 2029\\2021\\JavaScript-330B\\ShopLifters\\routes\\signup.js": {"path":"C:\\Users\\Alex\\Documents\\Alex\\2020 - 2029\\2021\\JavaScript-330B\\ShopLifters\\routes\\signup.js","statementMap":{"0":{"start":{"line":1,"column":16},"end":{"line":1,"column":34}},"1":{"start":{"line":2,"column":15},"end":{"line":2,"column":31}},"2":{"start":{"line":4,"column":25},"end":{"line":4,"column":49}},"3":{"start":{"line":6,"column":0},"end":{"line":9,"column":3}},"4":{"start":{"line":7,"column":4},"end":{"line":7,"column":71}},"5":{"start":{"line":8,"column":4},"end":{"line":8,"column":11}},"6":{"start":{"line":11,"column":0},"end":{"line":11,"column":54}},"7":{"start":{"line":13,"column":0},"end":{"line":13,"column":24}}},"fnMap":{"0":{"name":"(anonymous_0)","decl":{"start":{"line":6,"column":11},"end":{"line":6,"column":12}},"loc":{"start":{"line":6,"column":37},"end":{"line":9,"column":1}},"line":6}},"branchMap":{},"s":{"0":1,"1":1,"2":1,"3":1,"4":12,"5":12,"6":1,"7":1},"f":{"0":12},"b":{},"_coverageSchema":"1a1c01bbd47fc00a2c39e90264f33305004495a9","hash":"e66afef34907b614d08813558e0214de945a113a"}
}
